{"C:\\projects\\epam\\pomodoro-timetracker-app\\src\\theme.js": {"path":"C:\\projects\\epam\\pomodoro-timetracker-app\\src\\theme.js","statementMap":{"0":{"start":{"line":3,"column":26},"end":{"line":27,"column":1}},"1":{"start":{"line":29,"column":25},"end":{"line":53,"column":1}},"2":{"start":{"line":55,"column":21},"end":{"line":55,"column":31}}},"fnMap":{},"branchMap":{},"s":{"0":0,"1":0,"2":0},"f":{},"b":{}}
,"C:\\projects\\epam\\pomodoro-timetracker-app\\src\\components\\CircularTimer.js": {"path":"C:\\projects\\epam\\pomodoro-timetracker-app\\src\\components\\CircularTimer.js","statementMap":{"0":{"start":{"line":12,"column":23},"end":{"line":12,"column":63}},"1":{"start":{"line":14,"column":22},"end":{"line":92,"column":1}},"2":{"start":{"line":15,"column":16},"end":{"line":15,"column":26}},"3":{"start":{"line":16,"column":79},"end":{"line":16,"column":89}},"4":{"start":{"line":17,"column":19},"end":{"line":17,"column":36}},"5":{"start":{"line":18,"column":24},"end":{"line":18,"column":64}},"6":{"start":{"line":19,"column":17},"end":{"line":19,"column":41}},"7":{"start":{"line":22,"column":2},"end":{"line":24,"column":35}},"8":{"start":{"line":23,"column":4},"end":{"line":23,"column":66}},"9":{"start":{"line":26,"column":24},"end":{"line":35,"column":4}},"10":{"start":{"line":29,"column":22},"end":{"line":29,"column":40}},"11":{"start":{"line":31,"column":29},"end":{"line":31,"column":60}},"12":{"start":{"line":32,"column":4},"end":{"line":34,"column":6}},"13":{"start":{"line":37,"column":19},"end":{"line":39,"column":3}},"14":{"start":{"line":38,"column":4},"end":{"line":38,"column":32}},"15":{"start":{"line":41,"column":2},"end":{"line":91,"column":4}},"16":{"start":{"line":94,"column":15},"end":{"line":122,"column":2}}},"fnMap":{"0":{"name":"(anonymous_0)","decl":{"start":{"line":14,"column":22},"end":{"line":14,"column":23}},"loc":{"start":{"line":14,"column":60},"end":{"line":92,"column":1}},"line":14},"1":{"name":"(anonymous_1)","decl":{"start":{"line":22,"column":12},"end":{"line":22,"column":13}},"loc":{"start":{"line":22,"column":18},"end":{"line":24,"column":3}},"line":22},"2":{"name":"(anonymous_2)","decl":{"start":{"line":26,"column":41},"end":{"line":26,"column":42}},"loc":{"start":{"line":26,"column":47},"end":{"line":35,"column":3}},"line":26},"3":{"name":"(anonymous_3)","decl":{"start":{"line":37,"column":19},"end":{"line":37,"column":20}},"loc":{"start":{"line":37,"column":25},"end":{"line":39,"column":3}},"line":37}},"branchMap":{"0":{"loc":{"start":{"line":14,"column":25},"end":{"line":14,"column":35}},"type":"default-arg","locations":[{"start":{"line":14,"column":32},"end":{"line":14,"column":35}}],"line":14},"1":{"loc":{"start":{"line":14,"column":37},"end":{"line":14,"column":53}},"type":"default-arg","locations":[{"start":{"line":14,"column":51},"end":{"line":14,"column":53}}],"line":14},"2":{"loc":{"start":{"line":74,"column":12},"end":{"line":74,"column":56}},"type":"binary-expr","locations":[{"start":{"line":74,"column":12},"end":{"line":74,"column":35}},{"start":{"line":74,"column":39},"end":{"line":74,"column":56}}],"line":74},"3":{"loc":{"start":{"line":83,"column":11},"end":{"line":87,"column":27}},"type":"cond-expr","locations":[{"start":{"line":84,"column":14},"end":{"line":84,"column":26}},{"start":{"line":85,"column":14},"end":{"line":87,"column":27}}],"line":83},"4":{"loc":{"start":{"line":85,"column":14},"end":{"line":87,"column":27}},"type":"cond-expr","locations":[{"start":{"line":86,"column":14},"end":{"line":86,"column":26}},{"start":{"line":87,"column":14},"end":{"line":87,"column":27}}],"line":85}},"s":{"0":1,"1":1,"2":9,"3":9,"4":9,"5":9,"6":9,"7":9,"8":9,"9":9,"10":9,"11":9,"12":9,"13":9,"14":18,"15":9,"16":1},"f":{"0":9,"1":9,"2":9,"3":18},"b":{"0":[8],"1":[8],"2":[9,0],"3":[5,4],"4":[0,4]},"_coverageSchema":"1a1c01bbd47fc00a2c39e90264f33305004495a9","hash":"04e5c02276e7e88589e5a1fd9f09e6b9cd66883c"}
,"C:\\projects\\epam\\pomodoro-timetracker-app\\src\\context\\TimerContext.js": {"path":"C:\\projects\\epam\\pomodoro-timetracker-app\\src\\context\\TimerContext.js","statementMap":{"0":{"start":{"line":8,"column":21},"end":{"line":8,"column":36}},"1":{"start":{"line":10,"column":24},"end":{"line":16,"column":1}},"2":{"start":{"line":11,"column":18},"end":{"line":11,"column":42}},"3":{"start":{"line":12,"column":2},"end":{"line":14,"column":3}},"4":{"start":{"line":13,"column":4},"end":{"line":13,"column":66}},"5":{"start":{"line":15,"column":2},"end":{"line":15,"column":17}},"6":{"start":{"line":18,"column":29},"end":{"line":332,"column":1}},"7":{"start":{"line":19,"column":34},"end":{"line":19,"column":48}},"8":{"start":{"line":20,"column":44},"end":{"line":20,"column":61}},"9":{"start":{"line":21,"column":38},"end":{"line":21,"column":54}},"10":{"start":{"line":22,"column":42},"end":{"line":22,"column":58}},"11":{"start":{"line":23,"column":54},"end":{"line":23,"column":65}},"12":{"start":{"line":24,"column":40},"end":{"line":24,"column":52}},"13":{"start":{"line":25,"column":46},"end":{"line":25,"column":58}},"14":{"start":{"line":26,"column":36},"end":{"line":26,"column":50}},"15":{"start":{"line":27,"column":38},"end":{"line":27,"column":52}},"16":{"start":{"line":28,"column":48},"end":{"line":28,"column":59}},"17":{"start":{"line":30,"column":22},"end":{"line":30,"column":34}},"18":{"start":{"line":31,"column":19},"end":{"line":31,"column":48}},"19":{"start":{"line":32,"column":28},"end":{"line":32,"column":40}},"20":{"start":{"line":35,"column":2},"end":{"line":39,"column":9}},"21":{"start":{"line":36,"column":4},"end":{"line":36,"column":19}},"22":{"start":{"line":37,"column":4},"end":{"line":37,"column":29}},"23":{"start":{"line":38,"column":4},"end":{"line":38,"column":37}},"24":{"start":{"line":42,"column":23},"end":{"line":46,"column":3}},"25":{"start":{"line":43,"column":27},"end":{"line":43,"column":62}},"26":{"start":{"line":44,"column":4},"end":{"line":44,"column":32}},"27":{"start":{"line":45,"column":4},"end":{"line":45,"column":55}},"28":{"start":{"line":49,"column":33},"end":{"line":57,"column":3}},"29":{"start":{"line":50,"column":4},"end":{"line":56,"column":7}},"30":{"start":{"line":51,"column":39},"end":{"line":55,"column":7}},"31":{"start":{"line":60,"column":41},"end":{"line":76,"column":3}},"32":{"start":{"line":61,"column":4},"end":{"line":75,"column":5}},"33":{"start":{"line":62,"column":41},"end":{"line":62,"column":82}},"34":{"start":{"line":63,"column":24},"end":{"line":63,"column":38}},"35":{"start":{"line":65,"column":6},"end":{"line":68,"column":7}},"36":{"start":{"line":66,"column":27},"end":{"line":66,"column":72}},"37":{"start":{"line":67,"column":8},"end":{"line":67,"column":29}},"38":{"start":{"line":70,"column":6},"end":{"line":72,"column":7}},"39":{"start":{"line":71,"column":8},"end":{"line":71,"column":61}},"40":{"start":{"line":74,"column":6},"end":{"line":74,"column":73}},"41":{"start":{"line":79,"column":30},"end":{"line":149,"column":107}},"42":{"start":{"line":80,"column":4},"end":{"line":80,"column":31}},"43":{"start":{"line":83,"column":4},"end":{"line":89,"column":5}},"44":{"start":{"line":84,"column":6},"end":{"line":88,"column":7}},"45":{"start":{"line":85,"column":8},"end":{"line":85,"column":70}},"46":{"start":{"line":87,"column":8},"end":{"line":87,"column":57}},"47":{"start":{"line":92,"column":4},"end":{"line":98,"column":5}},"48":{"start":{"line":93,"column":6},"end":{"line":97,"column":7}},"49":{"start":{"line":94,"column":8},"end":{"line":94,"column":82}},"50":{"start":{"line":96,"column":8},"end":{"line":96,"column":52}},"51":{"start":{"line":101,"column":4},"end":{"line":114,"column":5}},"52":{"start":{"line":102,"column":6},"end":{"line":111,"column":9}},"53":{"start":{"line":113,"column":6},"end":{"line":113,"column":61}},"54":{"start":{"line":117,"column":4},"end":{"line":148,"column":5}},"55":{"start":{"line":118,"column":22},"end":{"line":126,"column":7}},"56":{"start":{"line":127,"column":6},"end":{"line":127,"column":48}},"57":{"start":{"line":128,"column":6},"end":{"line":130,"column":7}},"58":{"start":{"line":129,"column":8},"end":{"line":129,"column":48}},"59":{"start":{"line":132,"column":23},"end":{"line":132,"column":45}},"60":{"start":{"line":133,"column":6},"end":{"line":133,"column":38}},"61":{"start":{"line":136,"column":6},"end":{"line":140,"column":7}},"62":{"start":{"line":137,"column":8},"end":{"line":139,"column":17}},"63":{"start":{"line":138,"column":10},"end":{"line":138,"column":23}},"64":{"start":{"line":143,"column":6},"end":{"line":147,"column":7}},"65":{"start":{"line":144,"column":8},"end":{"line":146,"column":17}},"66":{"start":{"line":145,"column":10},"end":{"line":145,"column":22}},"67":{"start":{"line":152,"column":2},"end":{"line":175,"column":40}},"68":{"start":{"line":153,"column":4},"end":{"line":168,"column":5}},"69":{"start":{"line":154,"column":6},"end":{"line":162,"column":15}},"70":{"start":{"line":155,"column":8},"end":{"line":161,"column":11}},"71":{"start":{"line":156,"column":10},"end":{"line":159,"column":11}},"72":{"start":{"line":157,"column":12},"end":{"line":157,"column":34}},"73":{"start":{"line":158,"column":12},"end":{"line":158,"column":21}},"74":{"start":{"line":160,"column":10},"end":{"line":160,"column":26}},"75":{"start":{"line":164,"column":6},"end":{"line":167,"column":7}},"76":{"start":{"line":165,"column":8},"end":{"line":165,"column":43}},"77":{"start":{"line":166,"column":8},"end":{"line":166,"column":35}},"78":{"start":{"line":170,"column":4},"end":{"line":174,"column":6}},"79":{"start":{"line":171,"column":6},"end":{"line":173,"column":7}},"80":{"start":{"line":172,"column":8},"end":{"line":172,"column":43}},"81":{"start":{"line":178,"column":2},"end":{"line":213,"column":40}},"82":{"start":{"line":179,"column":25},"end":{"line":208,"column":6}},"83":{"start":{"line":180,"column":6},"end":{"line":205,"column":7}},"84":{"start":{"line":185,"column":8},"end":{"line":196,"column":9}},"85":{"start":{"line":186,"column":28},"end":{"line":186,"column":87}},"86":{"start":{"line":187,"column":10},"end":{"line":194,"column":13}},"87":{"start":{"line":188,"column":28},"end":{"line":188,"column":57}},"88":{"start":{"line":189,"column":12},"end":{"line":192,"column":13}},"89":{"start":{"line":191,"column":14},"end":{"line":191,"column":36}},"90":{"start":{"line":193,"column":12},"end":{"line":193,"column":27}},"91":{"start":{"line":195,"column":10},"end":{"line":195,"column":43}},"92":{"start":{"line":197,"column":13},"end":{"line":205,"column":7}},"93":{"start":{"line":202,"column":8},"end":{"line":204,"column":9}},"94":{"start":{"line":203,"column":10},"end":{"line":203,"column":49}},"95":{"start":{"line":207,"column":6},"end":{"line":207,"column":38}},"96":{"start":{"line":210,"column":4},"end":{"line":212,"column":6}},"97":{"start":{"line":211,"column":6},"end":{"line":211,"column":28}},"98":{"start":{"line":217,"column":21},"end":{"line":232,"column":3}},"99":{"start":{"line":218,"column":4},"end":{"line":229,"column":5}},"100":{"start":{"line":219,"column":6},"end":{"line":219,"column":31}},"101":{"start":{"line":220,"column":6},"end":{"line":220,"column":28}},"102":{"start":{"line":221,"column":6},"end":{"line":221,"column":26}},"103":{"start":{"line":222,"column":11},"end":{"line":229,"column":5}},"104":{"start":{"line":224,"column":6},"end":{"line":227,"column":7}},"105":{"start":{"line":225,"column":30},"end":{"line":225,"column":74}},"106":{"start":{"line":226,"column":8},"end":{"line":226,"column":57}},"107":{"start":{"line":226,"column":35},"end":{"line":226,"column":55}},"108":{"start":{"line":228,"column":6},"end":{"line":228,"column":26}},"109":{"start":{"line":230,"column":4},"end":{"line":230,"column":29}},"110":{"start":{"line":231,"column":4},"end":{"line":231,"column":43}},"111":{"start":{"line":234,"column":21},"end":{"line":237,"column":3}},"112":{"start":{"line":235,"column":4},"end":{"line":235,"column":28}},"113":{"start":{"line":236,"column":4},"end":{"line":236,"column":30}},"114":{"start":{"line":239,"column":21},"end":{"line":252,"column":3}},"115":{"start":{"line":240,"column":4},"end":{"line":240,"column":26}},"116":{"start":{"line":241,"column":4},"end":{"line":246,"column":6}},"117":{"start":{"line":247,"column":4},"end":{"line":247,"column":23}},"118":{"start":{"line":248,"column":4},"end":{"line":248,"column":24}},"119":{"start":{"line":249,"column":4},"end":{"line":249,"column":26}},"120":{"start":{"line":250,"column":4},"end":{"line":250,"column":23}},"121":{"start":{"line":251,"column":4},"end":{"line":251,"column":26}},"122":{"start":{"line":254,"column":20},"end":{"line":259,"column":3}},"123":{"start":{"line":255,"column":4},"end":{"line":255,"column":28}},"124":{"start":{"line":256,"column":4},"end":{"line":256,"column":58}},"125":{"start":{"line":257,"column":4},"end":{"line":257,"column":17}},"126":{"start":{"line":258,"column":4},"end":{"line":258,"column":17}},"127":{"start":{"line":261,"column":21},"end":{"line":272,"column":3}},"128":{"start":{"line":262,"column":24},"end":{"line":263,"column":73}},"129":{"start":{"line":265,"column":4},"end":{"line":265,"column":62}},"130":{"start":{"line":266,"column":4},"end":{"line":269,"column":6}},"131":{"start":{"line":270,"column":4},"end":{"line":270,"column":17}},"132":{"start":{"line":271,"column":4},"end":{"line":271,"column":17}},"133":{"start":{"line":274,"column":20},"end":{"line":278,"column":3}},"134":{"start":{"line":275,"column":4},"end":{"line":275,"column":17}},"135":{"start":{"line":276,"column":4},"end":{"line":276,"column":28}},"136":{"start":{"line":277,"column":4},"end":{"line":277,"column":58}},"137":{"start":{"line":280,"column":25},"end":{"line":289,"column":3}},"138":{"start":{"line":281,"column":20},"end":{"line":281,"column":51}},"139":{"start":{"line":282,"column":4},"end":{"line":282,"column":25}},"140":{"start":{"line":283,"column":4},"end":{"line":283,"column":48}},"141":{"start":{"line":286,"column":4},"end":{"line":288,"column":5}},"142":{"start":{"line":287,"column":6},"end":{"line":287,"column":50}},"143":{"start":{"line":291,"column":21},"end":{"line":298,"column":3}},"144":{"start":{"line":292,"column":17},"end":{"line":292,"column":41}},"145":{"start":{"line":293,"column":17},"end":{"line":293,"column":29}},"146":{"start":{"line":294,"column":4},"end":{"line":296,"column":5}},"147":{"start":{"line":295,"column":6},"end":{"line":295,"column":59}},"148":{"start":{"line":297,"column":4},"end":{"line":297,"column":85}},"149":{"start":{"line":300,"column":22},"end":{"line":307,"column":3}},"150":{"start":{"line":301,"column":18},"end":{"line":305,"column":48}},"151":{"start":{"line":306,"column":4},"end":{"line":306,"column":39}},"152":{"start":{"line":309,"column":16},"end":{"line":329,"column":3}},"153":{"start":{"line":331,"column":2},"end":{"line":331,"column":81}}},"fnMap":{"0":{"name":"(anonymous_0)","decl":{"start":{"line":10,"column":24},"end":{"line":10,"column":25}},"loc":{"start":{"line":10,"column":30},"end":{"line":16,"column":1}},"line":10},"1":{"name":"(anonymous_1)","decl":{"start":{"line":18,"column":29},"end":{"line":18,"column":30}},"loc":{"start":{"line":18,"column":47},"end":{"line":332,"column":1}},"line":18},"2":{"name":"(anonymous_2)","decl":{"start":{"line":35,"column":12},"end":{"line":35,"column":13}},"loc":{"start":{"line":35,"column":18},"end":{"line":39,"column":3}},"line":35},"3":{"name":"(anonymous_3)","decl":{"start":{"line":42,"column":23},"end":{"line":42,"column":24}},"loc":{"start":{"line":42,"column":35},"end":{"line":46,"column":3}},"line":42},"4":{"name":"(anonymous_4)","decl":{"start":{"line":49,"column":33},"end":{"line":49,"column":34}},"loc":{"start":{"line":49,"column":45},"end":{"line":57,"column":3}},"line":49},"5":{"name":"(anonymous_5)","decl":{"start":{"line":51,"column":26},"end":{"line":51,"column":27}},"loc":{"start":{"line":51,"column":39},"end":{"line":55,"column":7}},"line":51},"6":{"name":"(anonymous_6)","decl":{"start":{"line":60,"column":41},"end":{"line":60,"column":42}},"loc":{"start":{"line":60,"column":53},"end":{"line":76,"column":3}},"line":60},"7":{"name":"(anonymous_7)","decl":{"start":{"line":79,"column":42},"end":{"line":79,"column":43}},"loc":{"start":{"line":79,"column":54},"end":{"line":149,"column":3}},"line":79},"8":{"name":"(anonymous_8)","decl":{"start":{"line":137,"column":19},"end":{"line":137,"column":20}},"loc":{"start":{"line":137,"column":25},"end":{"line":139,"column":9}},"line":137},"9":{"name":"(anonymous_9)","decl":{"start":{"line":144,"column":19},"end":{"line":144,"column":20}},"loc":{"start":{"line":144,"column":25},"end":{"line":146,"column":9}},"line":144},"10":{"name":"(anonymous_10)","decl":{"start":{"line":152,"column":12},"end":{"line":152,"column":13}},"loc":{"start":{"line":152,"column":18},"end":{"line":175,"column":3}},"line":152},"11":{"name":"(anonymous_11)","decl":{"start":{"line":154,"column":40},"end":{"line":154,"column":41}},"loc":{"start":{"line":154,"column":46},"end":{"line":162,"column":7}},"line":154},"12":{"name":"(anonymous_12)","decl":{"start":{"line":155,"column":25},"end":{"line":155,"column":26}},"loc":{"start":{"line":155,"column":33},"end":{"line":161,"column":9}},"line":155},"13":{"name":"(anonymous_13)","decl":{"start":{"line":170,"column":11},"end":{"line":170,"column":12}},"loc":{"start":{"line":170,"column":17},"end":{"line":174,"column":5}},"line":170},"14":{"name":"(anonymous_14)","decl":{"start":{"line":178,"column":12},"end":{"line":178,"column":13}},"loc":{"start":{"line":178,"column":18},"end":{"line":213,"column":3}},"line":178},"15":{"name":"(anonymous_15)","decl":{"start":{"line":179,"column":61},"end":{"line":179,"column":62}},"loc":{"start":{"line":179,"column":77},"end":{"line":208,"column":5}},"line":179},"16":{"name":"(anonymous_16)","decl":{"start":{"line":187,"column":27},"end":{"line":187,"column":28}},"loc":{"start":{"line":187,"column":35},"end":{"line":194,"column":11}},"line":187},"17":{"name":"(anonymous_17)","decl":{"start":{"line":210,"column":11},"end":{"line":210,"column":12}},"loc":{"start":{"line":210,"column":17},"end":{"line":212,"column":5}},"line":210},"18":{"name":"(anonymous_18)","decl":{"start":{"line":217,"column":21},"end":{"line":217,"column":22}},"loc":{"start":{"line":217,"column":27},"end":{"line":232,"column":3}},"line":217},"19":{"name":"(anonymous_19)","decl":{"start":{"line":226,"column":27},"end":{"line":226,"column":28}},"loc":{"start":{"line":226,"column":35},"end":{"line":226,"column":55}},"line":226},"20":{"name":"(anonymous_20)","decl":{"start":{"line":234,"column":21},"end":{"line":234,"column":22}},"loc":{"start":{"line":234,"column":27},"end":{"line":237,"column":3}},"line":234},"21":{"name":"(anonymous_21)","decl":{"start":{"line":239,"column":21},"end":{"line":239,"column":22}},"loc":{"start":{"line":239,"column":27},"end":{"line":252,"column":3}},"line":239},"22":{"name":"(anonymous_22)","decl":{"start":{"line":254,"column":20},"end":{"line":254,"column":21}},"loc":{"start":{"line":254,"column":26},"end":{"line":259,"column":3}},"line":254},"23":{"name":"(anonymous_23)","decl":{"start":{"line":261,"column":21},"end":{"line":261,"column":22}},"loc":{"start":{"line":261,"column":27},"end":{"line":272,"column":3}},"line":261},"24":{"name":"(anonymous_24)","decl":{"start":{"line":274,"column":20},"end":{"line":274,"column":21}},"loc":{"start":{"line":274,"column":26},"end":{"line":278,"column":3}},"line":274},"25":{"name":"(anonymous_25)","decl":{"start":{"line":280,"column":25},"end":{"line":280,"column":26}},"loc":{"start":{"line":280,"column":48},"end":{"line":289,"column":3}},"line":280},"26":{"name":"(anonymous_26)","decl":{"start":{"line":291,"column":21},"end":{"line":291,"column":22}},"loc":{"start":{"line":291,"column":34},"end":{"line":298,"column":3}},"line":291},"27":{"name":"(anonymous_27)","decl":{"start":{"line":300,"column":22},"end":{"line":300,"column":23}},"loc":{"start":{"line":300,"column":28},"end":{"line":307,"column":3}},"line":300}},"branchMap":{"0":{"loc":{"start":{"line":12,"column":2},"end":{"line":14,"column":3}},"type":"if","locations":[{"start":{"line":12,"column":2},"end":{"line":14,"column":3}},{"start":{},"end":{}}],"line":12},"1":{"loc":{"start":{"line":65,"column":6},"end":{"line":68,"column":7}},"type":"if","locations":[{"start":{"line":65,"column":6},"end":{"line":68,"column":7}},{"start":{},"end":{}}],"line":65},"2":{"loc":{"start":{"line":70,"column":6},"end":{"line":72,"column":7}},"type":"if","locations":[{"start":{"line":70,"column":6},"end":{"line":72,"column":7}},{"start":{},"end":{}}],"line":70},"3":{"loc":{"start":{"line":83,"column":4},"end":{"line":89,"column":5}},"type":"if","locations":[{"start":{"line":83,"column":4},"end":{"line":89,"column":5}},{"start":{},"end":{}}],"line":83},"4":{"loc":{"start":{"line":92,"column":4},"end":{"line":98,"column":5}},"type":"if","locations":[{"start":{"line":92,"column":4},"end":{"line":98,"column":5}},{"start":{},"end":{}}],"line":92},"5":{"loc":{"start":{"line":104,"column":17},"end":{"line":104,"column":86}},"type":"cond-expr","locations":[{"start":{"line":104,"column":43},"end":{"line":104,"column":66}},{"start":{"line":104,"column":69},"end":{"line":104,"column":86}}],"line":104},"6":{"loc":{"start":{"line":105,"column":16},"end":{"line":107,"column":42}},"type":"cond-expr","locations":[{"start":{"line":106,"column":14},"end":{"line":106,"column":33}},{"start":{"line":107,"column":14},"end":{"line":107,"column":42}}],"line":105},"7":{"loc":{"start":{"line":117,"column":4},"end":{"line":148,"column":5}},"type":"if","locations":[{"start":{"line":117,"column":4},"end":{"line":148,"column":5}},{"start":{"line":141,"column":11},"end":{"line":148,"column":5}}],"line":117},"8":{"loc":{"start":{"line":117,"column":8},"end":{"line":117,"column":44}},"type":"binary-expr","locations":[{"start":{"line":117,"column":8},"end":{"line":117,"column":31}},{"start":{"line":117,"column":35},"end":{"line":117,"column":44}}],"line":117},"9":{"loc":{"start":{"line":122,"column":19},"end":{"line":122,"column":47}},"type":"binary-expr","locations":[{"start":{"line":122,"column":19},"end":{"line":122,"column":41}},{"start":{"line":122,"column":45},"end":{"line":122,"column":47}}],"line":122},"10":{"loc":{"start":{"line":128,"column":6},"end":{"line":130,"column":7}},"type":"if","locations":[{"start":{"line":128,"column":6},"end":{"line":130,"column":7}},{"start":{},"end":{}}],"line":128},"11":{"loc":{"start":{"line":136,"column":6},"end":{"line":140,"column":7}},"type":"if","locations":[{"start":{"line":136,"column":6},"end":{"line":140,"column":7}},{"start":{},"end":{}}],"line":136},"12":{"loc":{"start":{"line":143,"column":6},"end":{"line":147,"column":7}},"type":"if","locations":[{"start":{"line":143,"column":6},"end":{"line":147,"column":7}},{"start":{},"end":{}}],"line":143},"13":{"loc":{"start":{"line":153,"column":4},"end":{"line":168,"column":5}},"type":"if","locations":[{"start":{"line":153,"column":4},"end":{"line":168,"column":5}},{"start":{"line":163,"column":11},"end":{"line":168,"column":5}}],"line":153},"14":{"loc":{"start":{"line":156,"column":10},"end":{"line":159,"column":11}},"type":"if","locations":[{"start":{"line":156,"column":10},"end":{"line":159,"column":11}},{"start":{},"end":{}}],"line":156},"15":{"loc":{"start":{"line":164,"column":6},"end":{"line":167,"column":7}},"type":"if","locations":[{"start":{"line":164,"column":6},"end":{"line":167,"column":7}},{"start":{},"end":{}}],"line":164},"16":{"loc":{"start":{"line":171,"column":6},"end":{"line":173,"column":7}},"type":"if","locations":[{"start":{"line":171,"column":6},"end":{"line":173,"column":7}},{"start":{},"end":{}}],"line":171},"17":{"loc":{"start":{"line":180,"column":6},"end":{"line":205,"column":7}},"type":"if","locations":[{"start":{"line":180,"column":6},"end":{"line":205,"column":7}},{"start":{"line":197,"column":13},"end":{"line":205,"column":7}}],"line":180},"18":{"loc":{"start":{"line":181,"column":8},"end":{"line":182,"column":33}},"type":"binary-expr","locations":[{"start":{"line":181,"column":8},"end":{"line":181,"column":53}},{"start":{"line":182,"column":8},"end":{"line":182,"column":33}}],"line":181},"19":{"loc":{"start":{"line":185,"column":8},"end":{"line":196,"column":9}},"type":"if","locations":[{"start":{"line":185,"column":8},"end":{"line":196,"column":9}},{"start":{},"end":{}}],"line":185},"20":{"loc":{"start":{"line":189,"column":12},"end":{"line":192,"column":13}},"type":"if","locations":[{"start":{"line":189,"column":12},"end":{"line":192,"column":13}},{"start":{},"end":{}}],"line":189},"21":{"loc":{"start":{"line":189,"column":16},"end":{"line":189,"column":41}},"type":"binary-expr","locations":[{"start":{"line":189,"column":16},"end":{"line":189,"column":29}},{"start":{"line":189,"column":33},"end":{"line":189,"column":41}}],"line":189},"22":{"loc":{"start":{"line":197,"column":13},"end":{"line":205,"column":7}},"type":"if","locations":[{"start":{"line":197,"column":13},"end":{"line":205,"column":7}},{"start":{},"end":{}}],"line":197},"23":{"loc":{"start":{"line":198,"column":8},"end":{"line":199,"column":49}},"type":"binary-expr","locations":[{"start":{"line":198,"column":8},"end":{"line":198,"column":37}},{"start":{"line":199,"column":8},"end":{"line":199,"column":49}}],"line":198},"24":{"loc":{"start":{"line":202,"column":8},"end":{"line":204,"column":9}},"type":"if","locations":[{"start":{"line":202,"column":8},"end":{"line":204,"column":9}},{"start":{},"end":{}}],"line":202},"25":{"loc":{"start":{"line":218,"column":4},"end":{"line":229,"column":5}},"type":"if","locations":[{"start":{"line":218,"column":4},"end":{"line":229,"column":5}},{"start":{"line":222,"column":11},"end":{"line":229,"column":5}}],"line":218},"26":{"loc":{"start":{"line":218,"column":8},"end":{"line":218,"column":59}},"type":"binary-expr","locations":[{"start":{"line":218,"column":8},"end":{"line":218,"column":29}},{"start":{"line":218,"column":33},"end":{"line":218,"column":59}}],"line":218},"27":{"loc":{"start":{"line":222,"column":11},"end":{"line":229,"column":5}},"type":"if","locations":[{"start":{"line":222,"column":11},"end":{"line":229,"column":5}},{"start":{},"end":{}}],"line":222},"28":{"loc":{"start":{"line":224,"column":6},"end":{"line":227,"column":7}},"type":"if","locations":[{"start":{"line":224,"column":6},"end":{"line":227,"column":7}},{"start":{},"end":{}}],"line":224},"29":{"loc":{"start":{"line":241,"column":21},"end":{"line":245,"column":48}},"type":"cond-expr","locations":[{"start":{"line":242,"column":8},"end":{"line":242,"column":43}},{"start":{"line":243,"column":8},"end":{"line":245,"column":48}}],"line":241},"30":{"loc":{"start":{"line":242,"column":9},"end":{"line":242,"column":37}},"type":"binary-expr","locations":[{"start":{"line":242,"column":9},"end":{"line":242,"column":31}},{"start":{"line":242,"column":35},"end":{"line":242,"column":37}}],"line":242},"31":{"loc":{"start":{"line":243,"column":8},"end":{"line":245,"column":48}},"type":"cond-expr","locations":[{"start":{"line":244,"column":8},"end":{"line":244,"column":48}},{"start":{"line":245,"column":8},"end":{"line":245,"column":48}}],"line":243},"32":{"loc":{"start":{"line":244,"column":9},"end":{"line":244,"column":42}},"type":"binary-expr","locations":[{"start":{"line":244,"column":9},"end":{"line":244,"column":36}},{"start":{"line":244,"column":40},"end":{"line":244,"column":42}}],"line":244},"33":{"loc":{"start":{"line":245,"column":9},"end":{"line":245,"column":42}},"type":"binary-expr","locations":[{"start":{"line":245,"column":9},"end":{"line":245,"column":37}},{"start":{"line":245,"column":41},"end":{"line":245,"column":42}}],"line":245},"34":{"loc":{"start":{"line":256,"column":22},"end":{"line":256,"column":50}},"type":"binary-expr","locations":[{"start":{"line":256,"column":22},"end":{"line":256,"column":44}},{"start":{"line":256,"column":48},"end":{"line":256,"column":50}}],"line":256},"35":{"loc":{"start":{"line":262,"column":24},"end":{"line":263,"column":73}},"type":"binary-expr","locations":[{"start":{"line":262,"column":24},"end":{"line":262,"column":46}},{"start":{"line":263,"column":6},"end":{"line":263,"column":73}}],"line":262},"36":{"loc":{"start":{"line":263,"column":28},"end":{"line":263,"column":66}},"type":"binary-expr","locations":[{"start":{"line":263,"column":28},"end":{"line":263,"column":61}},{"start":{"line":263,"column":65},"end":{"line":263,"column":66}}],"line":263},"37":{"loc":{"start":{"line":265,"column":20},"end":{"line":265,"column":60}},"type":"cond-expr","locations":[{"start":{"line":265,"column":34},"end":{"line":265,"column":45}},{"start":{"line":265,"column":48},"end":{"line":265,"column":60}}],"line":265},"38":{"loc":{"start":{"line":266,"column":21},"end":{"line":268,"column":48}},"type":"cond-expr","locations":[{"start":{"line":267,"column":8},"end":{"line":267,"column":48}},{"start":{"line":268,"column":8},"end":{"line":268,"column":48}}],"line":266},"39":{"loc":{"start":{"line":267,"column":9},"end":{"line":267,"column":42}},"type":"binary-expr","locations":[{"start":{"line":267,"column":9},"end":{"line":267,"column":36}},{"start":{"line":267,"column":40},"end":{"line":267,"column":42}}],"line":267},"40":{"loc":{"start":{"line":268,"column":9},"end":{"line":268,"column":42}},"type":"binary-expr","locations":[{"start":{"line":268,"column":9},"end":{"line":268,"column":37}},{"start":{"line":268,"column":41},"end":{"line":268,"column":42}}],"line":268},"41":{"loc":{"start":{"line":277,"column":22},"end":{"line":277,"column":50}},"type":"binary-expr","locations":[{"start":{"line":277,"column":22},"end":{"line":277,"column":44}},{"start":{"line":277,"column":48},"end":{"line":277,"column":50}}],"line":277},"42":{"loc":{"start":{"line":286,"column":4},"end":{"line":288,"column":5}},"type":"if","locations":[{"start":{"line":286,"column":4},"end":{"line":288,"column":5}},{"start":{},"end":{}}],"line":286},"43":{"loc":{"start":{"line":294,"column":4},"end":{"line":296,"column":5}},"type":"if","locations":[{"start":{"line":294,"column":4},"end":{"line":296,"column":5}},{"start":{},"end":{}}],"line":294},"44":{"loc":{"start":{"line":301,"column":18},"end":{"line":305,"column":48}},"type":"cond-expr","locations":[{"start":{"line":302,"column":8},"end":{"line":302,"column":43}},{"start":{"line":303,"column":8},"end":{"line":305,"column":48}}],"line":301},"45":{"loc":{"start":{"line":302,"column":9},"end":{"line":302,"column":37}},"type":"binary-expr","locations":[{"start":{"line":302,"column":9},"end":{"line":302,"column":31}},{"start":{"line":302,"column":35},"end":{"line":302,"column":37}}],"line":302},"46":{"loc":{"start":{"line":303,"column":8},"end":{"line":305,"column":48}},"type":"cond-expr","locations":[{"start":{"line":304,"column":8},"end":{"line":304,"column":48}},{"start":{"line":305,"column":8},"end":{"line":305,"column":48}}],"line":303},"47":{"loc":{"start":{"line":304,"column":9},"end":{"line":304,"column":42}},"type":"binary-expr","locations":[{"start":{"line":304,"column":9},"end":{"line":304,"column":36}},{"start":{"line":304,"column":40},"end":{"line":304,"column":42}}],"line":304},"48":{"loc":{"start":{"line":305,"column":9},"end":{"line":305,"column":42}},"type":"binary-expr","locations":[{"start":{"line":305,"column":9},"end":{"line":305,"column":37}},{"start":{"line":305,"column":41},"end":{"line":305,"column":42}}],"line":305}},"s":{"0":3,"1":3,"2":0,"3":0,"4":0,"5":0,"6":3,"7":0,"8":0,"9":0,"10":0,"11":0,"12":0,"13":0,"14":0,"15":0,"16":0,"17":0,"18":0,"19":0,"20":0,"21":0,"22":0,"23":0,"24":0,"25":0,"26":0,"27":0,"28":0,"29":0,"30":0,"31":0,"32":0,"33":0,"34":0,"35":0,"36":0,"37":0,"38":0,"39":0,"40":0,"41":0,"42":0,"43":0,"44":0,"45":0,"46":0,"47":0,"48":0,"49":0,"50":0,"51":0,"52":0,"53":0,"54":0,"55":0,"56":0,"57":0,"58":0,"59":0,"60":0,"61":0,"62":0,"63":0,"64":0,"65":0,"66":0,"67":0,"68":0,"69":0,"70":0,"71":0,"72":0,"73":0,"74":0,"75":0,"76":0,"77":0,"78":0,"79":0,"80":0,"81":0,"82":0,"83":0,"84":0,"85":0,"86":0,"87":0,"88":0,"89":0,"90":0,"91":0,"92":0,"93":0,"94":0,"95":0,"96":0,"97":0,"98":0,"99":0,"100":0,"101":0,"102":0,"103":0,"104":0,"105":0,"106":0,"107":0,"108":0,"109":0,"110":0,"111":0,"112":0,"113":0,"114":0,"115":0,"116":0,"117":0,"118":0,"119":0,"120":0,"121":0,"122":0,"123":0,"124":0,"125":0,"126":0,"127":0,"128":0,"129":0,"130":0,"131":0,"132":0,"133":0,"134":0,"135":0,"136":0,"137":0,"138":0,"139":0,"140":0,"141":0,"142":0,"143":0,"144":0,"145":0,"146":0,"147":0,"148":0,"149":0,"150":0,"151":0,"152":0,"153":0},"f":{"0":0,"1":0,"2":0,"3":0,"4":0,"5":0,"6":0,"7":0,"8":0,"9":0,"10":0,"11":0,"12":0,"13":0,"14":0,"15":0,"16":0,"17":0,"18":0,"19":0,"20":0,"21":0,"22":0,"23":0,"24":0,"25":0,"26":0,"27":0},"b":{"0":[0,0],"1":[0,0],"2":[0,0],"3":[0,0],"4":[0,0],"5":[0,0],"6":[0,0],"7":[0,0],"8":[0,0],"9":[0,0],"10":[0,0],"11":[0,0],"12":[0,0],"13":[0,0],"14":[0,0],"15":[0,0],"16":[0,0],"17":[0,0],"18":[0,0],"19":[0,0],"20":[0,0],"21":[0,0],"22":[0,0],"23":[0,0],"24":[0,0],"25":[0,0],"26":[0,0],"27":[0,0],"28":[0,0],"29":[0,0],"30":[0,0],"31":[0,0],"32":[0,0],"33":[0,0],"34":[0,0],"35":[0,0],"36":[0,0],"37":[0,0],"38":[0,0],"39":[0,0],"40":[0,0],"41":[0,0],"42":[0,0],"43":[0,0],"44":[0,0],"45":[0,0],"46":[0,0],"47":[0,0],"48":[0,0]},"_coverageSchema":"1a1c01bbd47fc00a2c39e90264f33305004495a9","hash":"ab53edf9ff41925040db943b346dd7895f7a9e85"}
,"C:\\projects\\epam\\pomodoro-timetracker-app\\src\\screens\\ReportsScreen.js": {"path":"C:\\projects\\epam\\pomodoro-timetracker-app\\src\\screens\\ReportsScreen.js","statementMap":{"0":{"start":{"line":17,"column":0},"end":{"line":27,"column":1}},"1":{"start":{"line":18,"column":18},"end":{"line":18,"column":43}},"2":{"start":{"line":19,"column":2},"end":{"line":19,"column":34}},"3":{"start":{"line":20,"column":2},"end":{"line":20,"column":38}},"4":{"start":{"line":21,"column":2},"end":{"line":21,"column":34}},"5":{"start":{"line":22,"column":2},"end":{"line":22,"column":36}},"6":{"start":{"line":23,"column":2},"end":{"line":23,"column":36}},"7":{"start":{"line":24,"column":2},"end":{"line":24,"column":38}},"8":{"start":{"line":26,"column":2},"end":{"line":26,"column":63}},"9":{"start":{"line":29,"column":22},"end":{"line":402,"column":1}},"10":{"start":{"line":30,"column":16},"end":{"line":30,"column":26}},"11":{"start":{"line":31,"column":34},"end":{"line":31,"column":49}},"12":{"start":{"line":32,"column":42},"end":{"line":32,"column":62}},"13":{"start":{"line":33,"column":46},"end":{"line":33,"column":61}},"14":{"start":{"line":34,"column":34},"end":{"line":34,"column":46}},"15":{"start":{"line":35,"column":28},"end":{"line":39,"column":4}},"16":{"start":{"line":41,"column":2},"end":{"line":43,"column":31}},"17":{"start":{"line":42,"column":4},"end":{"line":42,"column":19}},"18":{"start":{"line":45,"column":23},"end":{"line":70,"column":3}},"19":{"start":{"line":46,"column":4},"end":{"line":69,"column":5}},"20":{"start":{"line":49,"column":6},"end":{"line":60,"column":7}},"21":{"start":{"line":50,"column":8},"end":{"line":50,"column":43}},"22":{"start":{"line":51,"column":8},"end":{"line":51,"column":39}},"23":{"start":{"line":52,"column":8},"end":{"line":52,"column":41}},"24":{"start":{"line":53,"column":8},"end":{"line":53,"column":42}},"25":{"start":{"line":54,"column":13},"end":{"line":60,"column":7}},"26":{"start":{"line":55,"column":8},"end":{"line":55,"column":67}},"27":{"start":{"line":56,"column":8},"end":{"line":56,"column":63}},"28":{"start":{"line":58,"column":8},"end":{"line":58,"column":47}},"29":{"start":{"line":59,"column":8},"end":{"line":59,"column":43}},"30":{"start":{"line":62,"column":29},"end":{"line":62,"column":92}},"31":{"start":{"line":63,"column":6},"end":{"line":63,"column":40}},"32":{"start":{"line":64,"column":6},"end":{"line":64,"column":43}},"33":{"start":{"line":66,"column":6},"end":{"line":66,"column":54}},"34":{"start":{"line":67,"column":6},"end":{"line":67,"column":22}},"35":{"start":{"line":68,"column":6},"end":{"line":68,"column":25}},"36":{"start":{"line":72,"column":25},"end":{"line":93,"column":3}},"37":{"start":{"line":73,"column":4},"end":{"line":92,"column":5}},"38":{"start":{"line":74,"column":27},"end":{"line":74,"column":79}},"39":{"start":{"line":74,"column":60},"end":{"line":74,"column":78}},"40":{"start":{"line":75,"column":29},"end":{"line":75,"column":48}},"41":{"start":{"line":76,"column":28},"end":{"line":76,"column":87}},"42":{"start":{"line":76,"column":60},"end":{"line":76,"column":83}},"43":{"start":{"line":77,"column":20},"end":{"line":77,"column":22}},"44":{"start":{"line":79,"column":6},"end":{"line":86,"column":9}},"45":{"start":{"line":80,"column":25},"end":{"line":80,"column":59}},"46":{"start":{"line":81,"column":8},"end":{"line":83,"column":9}},"47":{"start":{"line":82,"column":10},"end":{"line":82,"column":50}},"48":{"start":{"line":84,"column":8},"end":{"line":84,"column":35}},"49":{"start":{"line":85,"column":8},"end":{"line":85,"column":54}},"50":{"start":{"line":88,"column":6},"end":{"line":88,"column":57}},"51":{"start":{"line":90,"column":6},"end":{"line":90,"column":55}},"52":{"start":{"line":91,"column":6},"end":{"line":91,"column":67}},"53":{"start":{"line":95,"column":21},"end":{"line":102,"column":3}},"54":{"start":{"line":96,"column":18},"end":{"line":96,"column":44}},"55":{"start":{"line":97,"column":20},"end":{"line":97,"column":53}},"56":{"start":{"line":98,"column":4},"end":{"line":100,"column":5}},"57":{"start":{"line":99,"column":6},"end":{"line":99,"column":37}},"58":{"start":{"line":101,"column":4},"end":{"line":101,"column":25}},"59":{"start":{"line":104,"column":23},"end":{"line":114,"column":3}},"60":{"start":{"line":105,"column":4},"end":{"line":113,"column":5}},"61":{"start":{"line":106,"column":6},"end":{"line":106,"column":50}},"62":{"start":{"line":107,"column":11},"end":{"line":113,"column":5}},"63":{"start":{"line":108,"column":20},"end":{"line":108,"column":66}},"64":{"start":{"line":109,"column":18},"end":{"line":109,"column":62}},"65":{"start":{"line":110,"column":6},"end":{"line":110,"column":75}},"66":{"start":{"line":112,"column":6},"end":{"line":112,"column":47}},"67":{"start":{"line":116,"column":34},"end":{"line":132,"column":3}},"68":{"start":{"line":117,"column":4},"end":{"line":131,"column":5}},"69":{"start":{"line":118,"column":22},"end":{"line":126,"column":35}},"70":{"start":{"line":119,"column":24},"end":{"line":119,"column":63}},"71":{"start":{"line":121,"column":39},"end":{"line":125,"column":9}},"72":{"start":{"line":126,"column":24},"end":{"line":126,"column":34}},"73":{"start":{"line":127,"column":6},"end":{"line":127,"column":21}},"74":{"start":{"line":129,"column":6},"end":{"line":129,"column":63}},"75":{"start":{"line":130,"column":6},"end":{"line":130,"column":16}},"76":{"start":{"line":134,"column":30},"end":{"line":195,"column":3}},"77":{"start":{"line":135,"column":4},"end":{"line":194,"column":5}},"78":{"start":{"line":136,"column":6},"end":{"line":189,"column":5}},"79":{"start":{"line":137,"column":25},"end":{"line":140,"column":10}},"80":{"start":{"line":141,"column":8},"end":{"line":154,"column":11}},"81":{"start":{"line":142,"column":30},"end":{"line":149,"column":12}},"82":{"start":{"line":143,"column":12},"end":{"line":148,"column":13}},"83":{"start":{"line":144,"column":34},"end":{"line":144,"column":55}},"84":{"start":{"line":145,"column":14},"end":{"line":145,"column":71}},"85":{"start":{"line":147,"column":14},"end":{"line":147,"column":27}},"86":{"start":{"line":150,"column":10},"end":{"line":153,"column":12}},"87":{"start":{"line":155,"column":11},"end":{"line":189,"column":5}},"88":{"start":{"line":157,"column":20},"end":{"line":157,"column":22}},"89":{"start":{"line":158,"column":20},"end":{"line":158,"column":46}},"90":{"start":{"line":159,"column":18},"end":{"line":159,"column":42}},"91":{"start":{"line":160,"column":20},"end":{"line":160,"column":35}},"92":{"start":{"line":162,"column":6},"end":{"line":187,"column":7}},"93":{"start":{"line":163,"column":24},"end":{"line":163,"column":41}},"94":{"start":{"line":164,"column":8},"end":{"line":164,"column":47}},"95":{"start":{"line":165,"column":30},"end":{"line":165,"column":59}},"96":{"start":{"line":167,"column":29},"end":{"line":174,"column":10}},"97":{"start":{"line":168,"column":10},"end":{"line":173,"column":11}},"98":{"start":{"line":169,"column":32},"end":{"line":169,"column":53}},"99":{"start":{"line":170,"column":12},"end":{"line":170,"column":74}},"100":{"start":{"line":172,"column":12},"end":{"line":172,"column":25}},"101":{"start":{"line":176,"column":8},"end":{"line":179,"column":11}},"102":{"start":{"line":182,"column":8},"end":{"line":182,"column":42}},"103":{"start":{"line":183,"column":8},"end":{"line":183,"column":47}},"104":{"start":{"line":186,"column":8},"end":{"line":186,"column":36}},"105":{"start":{"line":186,"column":30},"end":{"line":186,"column":36}},"106":{"start":{"line":188,"column":6},"end":{"line":188,"column":19}},"107":{"start":{"line":190,"column":4},"end":{"line":190,"column":14}},"108":{"start":{"line":192,"column":6},"end":{"line":192,"column":63}},"109":{"start":{"line":193,"column":6},"end":{"line":193,"column":16}},"110":{"start":{"line":197,"column":2},"end":{"line":401,"column":4}},"111":{"start":{"line":216,"column":25},"end":{"line":216,"column":48}},"112":{"start":{"line":229,"column":12},"end":{"line":229,"column":37}},"113":{"start":{"line":230,"column":12},"end":{"line":230,"column":44}},"114":{"start":{"line":230,"column":22},"end":{"line":230,"column":44}},"115":{"start":{"line":289,"column":54},"end":{"line":289,"column":70}},"116":{"start":{"line":296,"column":18},"end":{"line":312,"column":25}},"117":{"start":{"line":306,"column":95},"end":{"line":306,"column":98}},"118":{"start":{"line":344,"column":18},"end":{"line":358,"column":25}},"119":{"start":{"line":351,"column":91},"end":{"line":351,"column":94}},"120":{"start":{"line":377,"column":27},"end":{"line":377,"column":44}},"121":{"start":{"line":379,"column":16},"end":{"line":395,"column":33}},"122":{"start":{"line":386,"column":22},"end":{"line":386,"column":88}},"123":{"start":{"line":404,"column":15},"end":{"line":503,"column":2}}},"fnMap":{"0":{"name":"(anonymous_0)","decl":{"start":{"line":29,"column":22},"end":{"line":29,"column":23}},"loc":{"start":{"line":29,"column":28},"end":{"line":402,"column":1}},"line":29},"1":{"name":"(anonymous_1)","decl":{"start":{"line":41,"column":12},"end":{"line":41,"column":13}},"loc":{"start":{"line":41,"column":18},"end":{"line":43,"column":3}},"line":41},"2":{"name":"(anonymous_2)","decl":{"start":{"line":45,"column":23},"end":{"line":45,"column":24}},"loc":{"start":{"line":45,"column":35},"end":{"line":70,"column":3}},"line":45},"3":{"name":"(anonymous_3)","decl":{"start":{"line":72,"column":25},"end":{"line":72,"column":26}},"loc":{"start":{"line":72,"column":43},"end":{"line":93,"column":3}},"line":72},"4":{"name":"(anonymous_4)","decl":{"start":{"line":74,"column":55},"end":{"line":74,"column":56}},"loc":{"start":{"line":74,"column":60},"end":{"line":74,"column":78}},"line":74},"5":{"name":"(anonymous_5)","decl":{"start":{"line":76,"column":48},"end":{"line":76,"column":49}},"loc":{"start":{"line":76,"column":60},"end":{"line":76,"column":83}},"line":76},"6":{"name":"(anonymous_6)","decl":{"start":{"line":79,"column":27},"end":{"line":79,"column":28}},"loc":{"start":{"line":79,"column":38},"end":{"line":86,"column":7}},"line":79},"7":{"name":"(anonymous_7)","decl":{"start":{"line":95,"column":21},"end":{"line":95,"column":22}},"loc":{"start":{"line":95,"column":34},"end":{"line":102,"column":3}},"line":95},"8":{"name":"(anonymous_8)","decl":{"start":{"line":104,"column":23},"end":{"line":104,"column":24}},"loc":{"start":{"line":104,"column":29},"end":{"line":114,"column":3}},"line":104},"9":{"name":"(anonymous_9)","decl":{"start":{"line":116,"column":34},"end":{"line":116,"column":35}},"loc":{"start":{"line":116,"column":40},"end":{"line":132,"column":3}},"line":116},"10":{"name":"(anonymous_10)","decl":{"start":{"line":119,"column":14},"end":{"line":119,"column":15}},"loc":{"start":{"line":119,"column":24},"end":{"line":119,"column":63}},"line":119},"11":{"name":"(anonymous_11)","decl":{"start":{"line":121,"column":13},"end":{"line":121,"column":14}},"loc":{"start":{"line":121,"column":39},"end":{"line":125,"column":9}},"line":121},"12":{"name":"(anonymous_12)","decl":{"start":{"line":126,"column":16},"end":{"line":126,"column":17}},"loc":{"start":{"line":126,"column":24},"end":{"line":126,"column":34}},"line":126},"13":{"name":"(anonymous_13)","decl":{"start":{"line":134,"column":30},"end":{"line":134,"column":31}},"loc":{"start":{"line":134,"column":36},"end":{"line":195,"column":3}},"line":134},"14":{"name":"(anonymous_14)","decl":{"start":{"line":141,"column":28},"end":{"line":141,"column":29}},"loc":{"start":{"line":141,"column":35},"end":{"line":154,"column":9}},"line":141},"15":{"name":"(anonymous_15)","decl":{"start":{"line":142,"column":54},"end":{"line":142,"column":55}},"loc":{"start":{"line":142,"column":59},"end":{"line":149,"column":11}},"line":142},"16":{"name":"(anonymous_16)","decl":{"start":{"line":167,"column":53},"end":{"line":167,"column":54}},"loc":{"start":{"line":167,"column":58},"end":{"line":174,"column":9}},"line":167},"17":{"name":"(anonymous_17)","decl":{"start":{"line":216,"column":19},"end":{"line":216,"column":20}},"loc":{"start":{"line":216,"column":25},"end":{"line":216,"column":48}},"line":216},"18":{"name":"(anonymous_18)","decl":{"start":{"line":228,"column":20},"end":{"line":228,"column":21}},"loc":{"start":{"line":228,"column":37},"end":{"line":231,"column":11}},"line":228},"19":{"name":"(anonymous_19)","decl":{"start":{"line":289,"column":33},"end":{"line":289,"column":34}},"loc":{"start":{"line":289,"column":54},"end":{"line":289,"column":70}},"line":289},"20":{"name":"(anonymous_20)","decl":{"start":{"line":295,"column":59},"end":{"line":295,"column":60}},"loc":{"start":{"line":296,"column":18},"end":{"line":312,"column":25}},"line":296},"21":{"name":"(anonymous_21)","decl":{"start":{"line":306,"column":90},"end":{"line":306,"column":91}},"loc":{"start":{"line":306,"column":95},"end":{"line":306,"column":98}},"line":306},"22":{"name":"(anonymous_22)","decl":{"start":{"line":343,"column":43},"end":{"line":343,"column":44}},"loc":{"start":{"line":344,"column":18},"end":{"line":358,"column":25}},"line":344},"23":{"name":"(anonymous_23)","decl":{"start":{"line":351,"column":86},"end":{"line":351,"column":87}},"loc":{"start":{"line":351,"column":91},"end":{"line":351,"column":94}},"line":351},"24":{"name":"(anonymous_24)","decl":{"start":{"line":377,"column":22},"end":{"line":377,"column":23}},"loc":{"start":{"line":377,"column":27},"end":{"line":377,"column":44}},"line":377},"25":{"name":"(anonymous_25)","decl":{"start":{"line":378,"column":19},"end":{"line":378,"column":20}},"loc":{"start":{"line":379,"column":16},"end":{"line":395,"column":33}},"line":379},"26":{"name":"(anonymous_26)","decl":{"start":{"line":385,"column":26},"end":{"line":385,"column":27}},"loc":{"start":{"line":386,"column":22},"end":{"line":386,"column":88}},"line":386}},"branchMap":{"0":{"loc":{"start":{"line":49,"column":6},"end":{"line":60,"column":7}},"type":"if","locations":[{"start":{"line":49,"column":6},"end":{"line":60,"column":7}},{"start":{"line":54,"column":13},"end":{"line":60,"column":7}}],"line":49},"1":{"loc":{"start":{"line":54,"column":13},"end":{"line":60,"column":7}},"type":"if","locations":[{"start":{"line":54,"column":13},"end":{"line":60,"column":7}},{"start":{"line":57,"column":13},"end":{"line":60,"column":7}}],"line":54},"2":{"loc":{"start":{"line":63,"column":18},"end":{"line":63,"column":38}},"type":"binary-expr","locations":[{"start":{"line":63,"column":18},"end":{"line":63,"column":32}},{"start":{"line":63,"column":36},"end":{"line":63,"column":38}}],"line":63},"3":{"loc":{"start":{"line":64,"column":21},"end":{"line":64,"column":41}},"type":"binary-expr","locations":[{"start":{"line":64,"column":21},"end":{"line":64,"column":35}},{"start":{"line":64,"column":39},"end":{"line":64,"column":41}}],"line":64},"4":{"loc":{"start":{"line":74,"column":28},"end":{"line":74,"column":46}},"type":"binary-expr","locations":[{"start":{"line":74,"column":28},"end":{"line":74,"column":40}},{"start":{"line":74,"column":44},"end":{"line":74,"column":46}}],"line":74},"5":{"loc":{"start":{"line":76,"column":67},"end":{"line":76,"column":82}},"type":"binary-expr","locations":[{"start":{"line":76,"column":67},"end":{"line":76,"column":77}},{"start":{"line":76,"column":81},"end":{"line":76,"column":82}}],"line":76},"6":{"loc":{"start":{"line":80,"column":25},"end":{"line":80,"column":59}},"type":"binary-expr","locations":[{"start":{"line":80,"column":25},"end":{"line":80,"column":41}},{"start":{"line":80,"column":45},"end":{"line":80,"column":59}}],"line":80},"7":{"loc":{"start":{"line":81,"column":8},"end":{"line":83,"column":9}},"type":"if","locations":[{"start":{"line":81,"column":8},"end":{"line":83,"column":9}},{"start":{},"end":{}}],"line":81},"8":{"loc":{"start":{"line":85,"column":32},"end":{"line":85,"column":53}},"type":"binary-expr","locations":[{"start":{"line":85,"column":32},"end":{"line":85,"column":48}},{"start":{"line":85,"column":52},"end":{"line":85,"column":53}}],"line":85},"9":{"loc":{"start":{"line":98,"column":4},"end":{"line":100,"column":5}},"type":"if","locations":[{"start":{"line":98,"column":4},"end":{"line":100,"column":5}},{"start":{},"end":{}}],"line":98},"10":{"loc":{"start":{"line":105,"column":4},"end":{"line":113,"column":5}},"type":"if","locations":[{"start":{"line":105,"column":4},"end":{"line":113,"column":5}},{"start":{"line":107,"column":11},"end":{"line":113,"column":5}}],"line":105},"11":{"loc":{"start":{"line":107,"column":11},"end":{"line":113,"column":5}},"type":"if","locations":[{"start":{"line":107,"column":11},"end":{"line":113,"column":5}},{"start":{"line":111,"column":11},"end":{"line":113,"column":5}}],"line":107},"12":{"loc":{"start":{"line":118,"column":37},"end":{"line":118,"column":54}},"type":"binary-expr","locations":[{"start":{"line":118,"column":37},"end":{"line":118,"column":48}},{"start":{"line":118,"column":52},"end":{"line":118,"column":54}}],"line":118},"13":{"loc":{"start":{"line":119,"column":25},"end":{"line":119,"column":41}},"type":"binary-expr","locations":[{"start":{"line":119,"column":25},"end":{"line":119,"column":36}},{"start":{"line":119,"column":40},"end":{"line":119,"column":41}}],"line":119},"14":{"loc":{"start":{"line":119,"column":46},"end":{"line":119,"column":62}},"type":"binary-expr","locations":[{"start":{"line":119,"column":46},"end":{"line":119,"column":57}},{"start":{"line":119,"column":61},"end":{"line":119,"column":62}}],"line":119},"15":{"loc":{"start":{"line":122,"column":13},"end":{"line":122,"column":68}},"type":"cond-expr","locations":[{"start":{"line":122,"column":32},"end":{"line":122,"column":61}},{"start":{"line":122,"column":64},"end":{"line":122,"column":68}}],"line":122},"16":{"loc":{"start":{"line":123,"column":13},"end":{"line":123,"column":29}},"type":"binary-expr","locations":[{"start":{"line":123,"column":13},"end":{"line":123,"column":24}},{"start":{"line":123,"column":28},"end":{"line":123,"column":29}}],"line":123},"17":{"loc":{"start":{"line":124,"column":20},"end":{"line":124,"column":36}},"type":"binary-expr","locations":[{"start":{"line":124,"column":20},"end":{"line":124,"column":31}},{"start":{"line":124,"column":35},"end":{"line":124,"column":36}}],"line":124},"18":{"loc":{"start":{"line":136,"column":6},"end":{"line":189,"column":5}},"type":"if","locations":[{"start":{"line":136,"column":6},"end":{"line":189,"column":5}},{"start":{"line":155,"column":11},"end":{"line":189,"column":5}}],"line":136},"19":{"loc":{"start":{"line":142,"column":31},"end":{"line":142,"column":45}},"type":"binary-expr","locations":[{"start":{"line":142,"column":31},"end":{"line":142,"column":39}},{"start":{"line":142,"column":43},"end":{"line":142,"column":45}}],"line":142},"20":{"loc":{"start":{"line":155,"column":11},"end":{"line":189,"column":5}},"type":"if","locations":[{"start":{"line":155,"column":11},"end":{"line":189,"column":5}},{"start":{},"end":{}}],"line":155},"21":{"loc":{"start":{"line":165,"column":30},"end":{"line":165,"column":59}},"type":"cond-expr","locations":[{"start":{"line":165,"column":46},"end":{"line":165,"column":49}},{"start":{"line":165,"column":52},"end":{"line":165,"column":59}}],"line":165},"22":{"loc":{"start":{"line":167,"column":30},"end":{"line":167,"column":44}},"type":"binary-expr","locations":[{"start":{"line":167,"column":30},"end":{"line":167,"column":38}},{"start":{"line":167,"column":42},"end":{"line":167,"column":44}}],"line":167},"23":{"loc":{"start":{"line":170,"column":19},"end":{"line":170,"column":73}},"type":"binary-expr","locations":[{"start":{"line":170,"column":19},"end":{"line":170,"column":41}},{"start":{"line":170,"column":45},"end":{"line":170,"column":73}}],"line":170},"24":{"loc":{"start":{"line":186,"column":8},"end":{"line":186,"column":36}},"type":"if","locations":[{"start":{"line":186,"column":8},"end":{"line":186,"column":36}},{"start":{},"end":{}}],"line":186},"25":{"loc":{"start":{"line":223,"column":7},"end":{"line":233,"column":7}},"type":"binary-expr","locations":[{"start":{"line":223,"column":7},"end":{"line":223,"column":21}},{"start":{"line":224,"column":8},"end":{"line":232,"column":10}}],"line":223},"26":{"loc":{"start":{"line":226,"column":16},"end":{"line":226,"column":54}},"type":"cond-expr","locations":[{"start":{"line":226,"column":39},"end":{"line":226,"column":45}},{"start":{"line":226,"column":48},"end":{"line":226,"column":54}}],"line":226},"27":{"loc":{"start":{"line":230,"column":12},"end":{"line":230,"column":44}},"type":"if","locations":[{"start":{"line":230,"column":12},"end":{"line":230,"column":44}},{"start":{},"end":{}}],"line":230},"28":{"loc":{"start":{"line":261,"column":7},"end":{"line":318,"column":7}},"type":"binary-expr","locations":[{"start":{"line":261,"column":7},"end":{"line":261,"column":42}},{"start":{"line":262,"column":8},"end":{"line":317,"column":15}}],"line":261},"29":{"loc":{"start":{"line":267,"column":13},"end":{"line":315,"column":13}},"type":"cond-expr","locations":[{"start":{"line":268,"column":14},"end":{"line":292,"column":15}},{"start":{"line":294,"column":14},"end":{"line":314,"column":21}}],"line":267},"30":{"loc":{"start":{"line":267,"column":13},"end":{"line":267,"column":53}},"type":"binary-expr","locations":[{"start":{"line":267,"column":13},"end":{"line":267,"column":25}},{"start":{"line":267,"column":29},"end":{"line":267,"column":39}},{"start":{"line":267,"column":43},"end":{"line":267,"column":53}}],"line":267},"31":{"loc":{"start":{"line":268,"column":14},"end":{"line":292,"column":15}},"type":"cond-expr","locations":[{"start":{"line":269,"column":16},"end":{"line":282,"column":23}},{"start":{"line":284,"column":16},"end":{"line":291,"column":23}}],"line":268},"32":{"loc":{"start":{"line":320,"column":7},"end":{"line":364,"column":7}},"type":"binary-expr","locations":[{"start":{"line":320,"column":8},"end":{"line":320,"column":27}},{"start":{"line":320,"column":31},"end":{"line":320,"column":51}},{"start":{"line":321,"column":8},"end":{"line":363,"column":15}}],"line":320},"33":{"loc":{"start":{"line":326,"column":13},"end":{"line":361,"column":13}},"type":"cond-expr","locations":[{"start":{"line":327,"column":14},"end":{"line":340,"column":21}},{"start":{"line":342,"column":14},"end":{"line":360,"column":21}}],"line":326},"34":{"loc":{"start":{"line":326,"column":13},"end":{"line":326,"column":40}},"type":"binary-expr","locations":[{"start":{"line":326,"column":13},"end":{"line":326,"column":25}},{"start":{"line":326,"column":29},"end":{"line":326,"column":40}}],"line":326},"35":{"loc":{"start":{"line":371,"column":11},"end":{"line":397,"column":11}},"type":"cond-expr","locations":[{"start":{"line":372,"column":12},"end":{"line":374,"column":19}},{"start":{"line":376,"column":12},"end":{"line":396,"column":16}}],"line":371},"36":{"loc":{"start":{"line":379,"column":37},"end":{"line":379,"column":56}},"type":"binary-expr","locations":[{"start":{"line":379,"column":37},"end":{"line":379,"column":47}},{"start":{"line":379,"column":51},"end":{"line":379,"column":56}}],"line":379},"37":{"loc":{"start":{"line":381,"column":27},"end":{"line":381,"column":61}},"type":"binary-expr","locations":[{"start":{"line":381,"column":27},"end":{"line":381,"column":43}},{"start":{"line":381,"column":47},"end":{"line":381,"column":61}}],"line":381},"38":{"loc":{"start":{"line":383,"column":36},"end":{"line":383,"column":57}},"type":"binary-expr","locations":[{"start":{"line":383,"column":36},"end":{"line":383,"column":52}},{"start":{"line":383,"column":56},"end":{"line":383,"column":57}}],"line":383},"39":{"loc":{"start":{"line":389,"column":19},"end":{"line":393,"column":19}},"type":"binary-expr","locations":[{"start":{"line":389,"column":19},"end":{"line":389,"column":34}},{"start":{"line":390,"column":20},"end":{"line":392,"column":27}}],"line":389},"40":{"loc":{"start":{"line":394,"column":19},"end":{"line":394,"column":61}},"type":"binary-expr","locations":[{"start":{"line":394,"column":19},"end":{"line":394,"column":46}},{"start":{"line":394,"column":50},"end":{"line":394,"column":61}}],"line":394}},"s":{"0":0,"1":0,"2":0,"3":0,"4":0,"5":0,"6":0,"7":0,"8":0,"9":0,"10":0,"11":0,"12":0,"13":0,"14":0,"15":0,"16":0,"17":0,"18":0,"19":0,"20":0,"21":0,"22":0,"23":0,"24":0,"25":0,"26":0,"27":0,"28":0,"29":0,"30":0,"31":0,"32":0,"33":0,"34":0,"35":0,"36":0,"37":0,"38":0,"39":0,"40":0,"41":0,"42":0,"43":0,"44":0,"45":0,"46":0,"47":0,"48":0,"49":0,"50":0,"51":0,"52":0,"53":0,"54":0,"55":0,"56":0,"57":0,"58":0,"59":0,"60":0,"61":0,"62":0,"63":0,"64":0,"65":0,"66":0,"67":0,"68":0,"69":0,"70":0,"71":0,"72":0,"73":0,"74":0,"75":0,"76":0,"77":0,"78":0,"79":0,"80":0,"81":0,"82":0,"83":0,"84":0,"85":0,"86":0,"87":0,"88":0,"89":0,"90":0,"91":0,"92":0,"93":0,"94":0,"95":0,"96":0,"97":0,"98":0,"99":0,"100":0,"101":0,"102":0,"103":0,"104":0,"105":0,"106":0,"107":0,"108":0,"109":0,"110":0,"111":0,"112":0,"113":0,"114":0,"115":0,"116":0,"117":0,"118":0,"119":0,"120":0,"121":0,"122":0,"123":0},"f":{"0":0,"1":0,"2":0,"3":0,"4":0,"5":0,"6":0,"7":0,"8":0,"9":0,"10":0,"11":0,"12":0,"13":0,"14":0,"15":0,"16":0,"17":0,"18":0,"19":0,"20":0,"21":0,"22":0,"23":0,"24":0,"25":0,"26":0},"b":{"0":[0,0],"1":[0,0],"2":[0,0],"3":[0,0],"4":[0,0],"5":[0,0],"6":[0,0],"7":[0,0],"8":[0,0],"9":[0,0],"10":[0,0],"11":[0,0],"12":[0,0],"13":[0,0],"14":[0,0],"15":[0,0],"16":[0,0],"17":[0,0],"18":[0,0],"19":[0,0],"20":[0,0],"21":[0,0],"22":[0,0],"23":[0,0],"24":[0,0],"25":[0,0],"26":[0,0],"27":[0,0],"28":[0,0],"29":[0,0],"30":[0,0,0],"31":[0,0],"32":[0,0,0],"33":[0,0],"34":[0,0],"35":[0,0],"36":[0,0],"37":[0,0],"38":[0,0],"39":[0,0],"40":[0,0]}}
,"C:\\projects\\epam\\pomodoro-timetracker-app\\src\\screens\\SettingsScreen.js": {"path":"C:\\projects\\epam\\pomodoro-timetracker-app\\src\\screens\\SettingsScreen.js","statementMap":{"0":{"start":{"line":19,"column":23},"end":{"line":317,"column":1}},"1":{"start":{"line":20,"column":16},"end":{"line":20,"column":26}},"2":{"start":{"line":21,"column":39},"end":{"line":21,"column":49}},"3":{"start":{"line":22,"column":44},"end":{"line":22,"column":68}},"4":{"start":{"line":23,"column":48},"end":{"line":23,"column":63}},"5":{"start":{"line":25,"column":2},"end":{"line":29,"column":17}},"6":{"start":{"line":26,"column":4},"end":{"line":28,"column":5}},"7":{"start":{"line":27,"column":6},"end":{"line":27,"column":33}},"8":{"start":{"line":31,"column":30},"end":{"line":35,"column":3}},"9":{"start":{"line":32,"column":20},"end":{"line":32,"column":54}},"10":{"start":{"line":33,"column":4},"end":{"line":33,"column":30}},"11":{"start":{"line":34,"column":4},"end":{"line":34,"column":28}},"12":{"start":{"line":37,"column":26},"end":{"line":45,"column":3}},"13":{"start":{"line":38,"column":20},"end":{"line":38,"column":59}},"14":{"start":{"line":39,"column":4},"end":{"line":44,"column":5}},"15":{"start":{"line":40,"column":6},"end":{"line":40,"column":59}},"16":{"start":{"line":41,"column":6},"end":{"line":41,"column":32}},"17":{"start":{"line":43,"column":6},"end":{"line":43,"column":52}},"18":{"start":{"line":47,"column":2},"end":{"line":316,"column":4}},"19":{"start":{"line":69,"column":30},"end":{"line":69,"column":44}},"20":{"start":{"line":70,"column":16},"end":{"line":74,"column":17}},"21":{"start":{"line":71,"column":18},"end":{"line":71,"column":61}},"22":{"start":{"line":72,"column":23},"end":{"line":74,"column":17}},"23":{"start":{"line":73,"column":18},"end":{"line":73,"column":75}},"24":{"start":{"line":77,"column":16},"end":{"line":79,"column":17}},"25":{"start":{"line":78,"column":18},"end":{"line":78,"column":58}},"26":{"start":{"line":99,"column":30},"end":{"line":99,"column":44}},"27":{"start":{"line":100,"column":16},"end":{"line":104,"column":17}},"28":{"start":{"line":101,"column":18},"end":{"line":101,"column":67}},"29":{"start":{"line":102,"column":23},"end":{"line":104,"column":17}},"30":{"start":{"line":103,"column":18},"end":{"line":103,"column":81}},"31":{"start":{"line":107,"column":16},"end":{"line":109,"column":17}},"32":{"start":{"line":108,"column":18},"end":{"line":108,"column":63}},"33":{"start":{"line":129,"column":30},"end":{"line":129,"column":44}},"34":{"start":{"line":130,"column":16},"end":{"line":134,"column":17}},"35":{"start":{"line":131,"column":18},"end":{"line":131,"column":66}},"36":{"start":{"line":132,"column":23},"end":{"line":134,"column":17}},"37":{"start":{"line":133,"column":18},"end":{"line":133,"column":80}},"38":{"start":{"line":137,"column":16},"end":{"line":139,"column":17}},"39":{"start":{"line":138,"column":18},"end":{"line":138,"column":63}},"40":{"start":{"line":159,"column":30},"end":{"line":159,"column":44}},"41":{"start":{"line":160,"column":16},"end":{"line":164,"column":17}},"42":{"start":{"line":161,"column":18},"end":{"line":161,"column":72}},"43":{"start":{"line":162,"column":23},"end":{"line":164,"column":17}},"44":{"start":{"line":163,"column":18},"end":{"line":163,"column":86}},"45":{"start":{"line":167,"column":16},"end":{"line":169,"column":17}},"46":{"start":{"line":168,"column":18},"end":{"line":168,"column":68}},"47":{"start":{"line":187,"column":40},"end":{"line":187,"column":85}},"48":{"start":{"line":202,"column":40},"end":{"line":202,"column":91}},"49":{"start":{"line":223,"column":40},"end":{"line":223,"column":82}},"50":{"start":{"line":238,"column":40},"end":{"line":238,"column":86}},"51":{"start":{"line":259,"column":40},"end":{"line":259,"column":82}},"52":{"start":{"line":273,"column":27},"end":{"line":273,"column":51}},"53":{"start":{"line":299,"column":27},"end":{"line":299,"column":52}},"54":{"start":{"line":308,"column":35},"end":{"line":308,"column":60}},"55":{"start":{"line":319,"column":15},"end":{"line":364,"column":2}}},"fnMap":{"0":{"name":"(anonymous_0)","decl":{"start":{"line":19,"column":23},"end":{"line":19,"column":24}},"loc":{"start":{"line":19,"column":29},"end":{"line":317,"column":1}},"line":19},"1":{"name":"(anonymous_1)","decl":{"start":{"line":25,"column":12},"end":{"line":25,"column":13}},"loc":{"start":{"line":25,"column":18},"end":{"line":29,"column":3}},"line":25},"2":{"name":"(anonymous_2)","decl":{"start":{"line":31,"column":30},"end":{"line":31,"column":31}},"loc":{"start":{"line":31,"column":46},"end":{"line":35,"column":3}},"line":31},"3":{"name":"(anonymous_3)","decl":{"start":{"line":37,"column":26},"end":{"line":37,"column":27}},"loc":{"start":{"line":37,"column":38},"end":{"line":45,"column":3}},"line":37},"4":{"name":"(anonymous_4)","decl":{"start":{"line":68,"column":28},"end":{"line":68,"column":29}},"loc":{"start":{"line":68,"column":38},"end":{"line":75,"column":15}},"line":68},"5":{"name":"(anonymous_5)","decl":{"start":{"line":76,"column":22},"end":{"line":76,"column":23}},"loc":{"start":{"line":76,"column":28},"end":{"line":80,"column":15}},"line":76},"6":{"name":"(anonymous_6)","decl":{"start":{"line":98,"column":28},"end":{"line":98,"column":29}},"loc":{"start":{"line":98,"column":38},"end":{"line":105,"column":15}},"line":98},"7":{"name":"(anonymous_7)","decl":{"start":{"line":106,"column":22},"end":{"line":106,"column":23}},"loc":{"start":{"line":106,"column":28},"end":{"line":110,"column":15}},"line":106},"8":{"name":"(anonymous_8)","decl":{"start":{"line":128,"column":28},"end":{"line":128,"column":29}},"loc":{"start":{"line":128,"column":38},"end":{"line":135,"column":15}},"line":128},"9":{"name":"(anonymous_9)","decl":{"start":{"line":136,"column":22},"end":{"line":136,"column":23}},"loc":{"start":{"line":136,"column":28},"end":{"line":140,"column":15}},"line":136},"10":{"name":"(anonymous_10)","decl":{"start":{"line":158,"column":28},"end":{"line":158,"column":29}},"loc":{"start":{"line":158,"column":38},"end":{"line":165,"column":15}},"line":158},"11":{"name":"(anonymous_11)","decl":{"start":{"line":166,"column":22},"end":{"line":166,"column":23}},"loc":{"start":{"line":166,"column":28},"end":{"line":170,"column":15}},"line":166},"12":{"name":"(anonymous_12)","decl":{"start":{"line":187,"column":29},"end":{"line":187,"column":30}},"loc":{"start":{"line":187,"column":40},"end":{"line":187,"column":85}},"line":187},"13":{"name":"(anonymous_13)","decl":{"start":{"line":202,"column":29},"end":{"line":202,"column":30}},"loc":{"start":{"line":202,"column":40},"end":{"line":202,"column":91}},"line":202},"14":{"name":"(anonymous_14)","decl":{"start":{"line":223,"column":29},"end":{"line":223,"column":30}},"loc":{"start":{"line":223,"column":40},"end":{"line":223,"column":82}},"line":223},"15":{"name":"(anonymous_15)","decl":{"start":{"line":238,"column":29},"end":{"line":238,"column":30}},"loc":{"start":{"line":238,"column":40},"end":{"line":238,"column":86}},"line":238},"16":{"name":"(anonymous_16)","decl":{"start":{"line":259,"column":29},"end":{"line":259,"column":30}},"loc":{"start":{"line":259,"column":40},"end":{"line":259,"column":82}},"line":259},"17":{"name":"(anonymous_17)","decl":{"start":{"line":273,"column":21},"end":{"line":273,"column":22}},"loc":{"start":{"line":273,"column":27},"end":{"line":273,"column":51}},"line":273},"18":{"name":"(anonymous_18)","decl":{"start":{"line":299,"column":21},"end":{"line":299,"column":22}},"loc":{"start":{"line":299,"column":27},"end":{"line":299,"column":52}},"line":299},"19":{"name":"(anonymous_19)","decl":{"start":{"line":308,"column":29},"end":{"line":308,"column":30}},"loc":{"start":{"line":308,"column":35},"end":{"line":308,"column":60}},"line":308}},"branchMap":{"0":{"loc":{"start":{"line":22,"column":53},"end":{"line":22,"column":67}},"type":"binary-expr","locations":[{"start":{"line":22,"column":53},"end":{"line":22,"column":61}},{"start":{"line":22,"column":65},"end":{"line":22,"column":67}}],"line":22},"1":{"loc":{"start":{"line":26,"column":4},"end":{"line":28,"column":5}},"type":"if","locations":[{"start":{"line":26,"column":4},"end":{"line":28,"column":5}},{"start":{},"end":{}}],"line":26},"2":{"loc":{"start":{"line":39,"column":4},"end":{"line":44,"column":5}},"type":"if","locations":[{"start":{"line":39,"column":4},"end":{"line":44,"column":5}},{"start":{"line":42,"column":11},"end":{"line":44,"column":5}}],"line":39},"3":{"loc":{"start":{"line":67,"column":21},"end":{"line":67,"column":67}},"type":"binary-expr","locations":[{"start":{"line":67,"column":21},"end":{"line":67,"column":59}},{"start":{"line":67,"column":63},"end":{"line":67,"column":67}}],"line":67},"4":{"loc":{"start":{"line":70,"column":16},"end":{"line":74,"column":17}},"type":"if","locations":[{"start":{"line":70,"column":16},"end":{"line":74,"column":17}},{"start":{"line":72,"column":23},"end":{"line":74,"column":17}}],"line":70},"5":{"loc":{"start":{"line":70,"column":20},"end":{"line":70,"column":62}},"type":"binary-expr","locations":[{"start":{"line":70,"column":20},"end":{"line":70,"column":33}},{"start":{"line":70,"column":37},"end":{"line":70,"column":47}},{"start":{"line":70,"column":51},"end":{"line":70,"column":62}}],"line":70},"6":{"loc":{"start":{"line":72,"column":23},"end":{"line":74,"column":17}},"type":"if","locations":[{"start":{"line":72,"column":23},"end":{"line":74,"column":17}},{"start":{},"end":{}}],"line":72},"7":{"loc":{"start":{"line":77,"column":16},"end":{"line":79,"column":17}},"type":"if","locations":[{"start":{"line":77,"column":16},"end":{"line":79,"column":17}},{"start":{},"end":{}}],"line":77},"8":{"loc":{"start":{"line":77,"column":20},"end":{"line":77,"column":116}},"type":"binary-expr","locations":[{"start":{"line":77,"column":20},"end":{"line":77,"column":47}},{"start":{"line":77,"column":51},"end":{"line":77,"column":81}},{"start":{"line":77,"column":85},"end":{"line":77,"column":116}}],"line":77},"9":{"loc":{"start":{"line":97,"column":21},"end":{"line":97,"column":72}},"type":"binary-expr","locations":[{"start":{"line":97,"column":21},"end":{"line":97,"column":65}},{"start":{"line":97,"column":69},"end":{"line":97,"column":72}}],"line":97},"10":{"loc":{"start":{"line":100,"column":16},"end":{"line":104,"column":17}},"type":"if","locations":[{"start":{"line":100,"column":16},"end":{"line":104,"column":17}},{"start":{"line":102,"column":23},"end":{"line":104,"column":17}}],"line":100},"11":{"loc":{"start":{"line":100,"column":20},"end":{"line":100,"column":62}},"type":"binary-expr","locations":[{"start":{"line":100,"column":20},"end":{"line":100,"column":33}},{"start":{"line":100,"column":37},"end":{"line":100,"column":47}},{"start":{"line":100,"column":51},"end":{"line":100,"column":62}}],"line":100},"12":{"loc":{"start":{"line":102,"column":23},"end":{"line":104,"column":17}},"type":"if","locations":[{"start":{"line":102,"column":23},"end":{"line":104,"column":17}},{"start":{},"end":{}}],"line":102},"13":{"loc":{"start":{"line":107,"column":16},"end":{"line":109,"column":17}},"type":"if","locations":[{"start":{"line":107,"column":16},"end":{"line":109,"column":17}},{"start":{},"end":{}}],"line":107},"14":{"loc":{"start":{"line":107,"column":20},"end":{"line":107,"column":134}},"type":"binary-expr","locations":[{"start":{"line":107,"column":20},"end":{"line":107,"column":53}},{"start":{"line":107,"column":57},"end":{"line":107,"column":93}},{"start":{"line":107,"column":97},"end":{"line":107,"column":134}}],"line":107},"15":{"loc":{"start":{"line":127,"column":21},"end":{"line":127,"column":72}},"type":"binary-expr","locations":[{"start":{"line":127,"column":21},"end":{"line":127,"column":64}},{"start":{"line":127,"column":68},"end":{"line":127,"column":72}}],"line":127},"16":{"loc":{"start":{"line":130,"column":16},"end":{"line":134,"column":17}},"type":"if","locations":[{"start":{"line":130,"column":16},"end":{"line":134,"column":17}},{"start":{"line":132,"column":23},"end":{"line":134,"column":17}}],"line":130},"17":{"loc":{"start":{"line":130,"column":20},"end":{"line":130,"column":62}},"type":"binary-expr","locations":[{"start":{"line":130,"column":20},"end":{"line":130,"column":33}},{"start":{"line":130,"column":37},"end":{"line":130,"column":47}},{"start":{"line":130,"column":51},"end":{"line":130,"column":62}}],"line":130},"18":{"loc":{"start":{"line":132,"column":23},"end":{"line":134,"column":17}},"type":"if","locations":[{"start":{"line":132,"column":23},"end":{"line":134,"column":17}},{"start":{},"end":{}}],"line":132},"19":{"loc":{"start":{"line":137,"column":16},"end":{"line":139,"column":17}},"type":"if","locations":[{"start":{"line":137,"column":16},"end":{"line":139,"column":17}},{"start":{},"end":{}}],"line":137},"20":{"loc":{"start":{"line":137,"column":20},"end":{"line":137,"column":131}},"type":"binary-expr","locations":[{"start":{"line":137,"column":20},"end":{"line":137,"column":52}},{"start":{"line":137,"column":56},"end":{"line":137,"column":91}},{"start":{"line":137,"column":95},"end":{"line":137,"column":131}}],"line":137},"21":{"loc":{"start":{"line":157,"column":21},"end":{"line":157,"column":77}},"type":"binary-expr","locations":[{"start":{"line":157,"column":21},"end":{"line":157,"column":70}},{"start":{"line":157,"column":74},"end":{"line":157,"column":77}}],"line":157},"22":{"loc":{"start":{"line":160,"column":16},"end":{"line":164,"column":17}},"type":"if","locations":[{"start":{"line":160,"column":16},"end":{"line":164,"column":17}},{"start":{"line":162,"column":23},"end":{"line":164,"column":17}}],"line":160},"23":{"loc":{"start":{"line":160,"column":20},"end":{"line":160,"column":62}},"type":"binary-expr","locations":[{"start":{"line":160,"column":20},"end":{"line":160,"column":33}},{"start":{"line":160,"column":37},"end":{"line":160,"column":47}},{"start":{"line":160,"column":51},"end":{"line":160,"column":62}}],"line":160},"24":{"loc":{"start":{"line":162,"column":23},"end":{"line":164,"column":17}},"type":"if","locations":[{"start":{"line":162,"column":23},"end":{"line":164,"column":17}},{"start":{},"end":{}}],"line":162},"25":{"loc":{"start":{"line":167,"column":16},"end":{"line":169,"column":17}},"type":"if","locations":[{"start":{"line":167,"column":16},"end":{"line":169,"column":17}},{"start":{},"end":{}}],"line":167},"26":{"loc":{"start":{"line":167,"column":20},"end":{"line":167,"column":149}},"type":"binary-expr","locations":[{"start":{"line":167,"column":20},"end":{"line":167,"column":58}},{"start":{"line":167,"column":62},"end":{"line":167,"column":103}},{"start":{"line":167,"column":107},"end":{"line":167,"column":149}}],"line":167},"27":{"loc":{"start":{"line":186,"column":21},"end":{"line":186,"column":59}},"type":"binary-expr","locations":[{"start":{"line":186,"column":21},"end":{"line":186,"column":50}},{"start":{"line":186,"column":54},"end":{"line":186,"column":59}}],"line":186},"28":{"loc":{"start":{"line":201,"column":21},"end":{"line":201,"column":65}},"type":"binary-expr","locations":[{"start":{"line":201,"column":21},"end":{"line":201,"column":56}},{"start":{"line":201,"column":60},"end":{"line":201,"column":65}}],"line":201}},"s":{"0":0,"1":0,"2":0,"3":0,"4":0,"5":0,"6":0,"7":0,"8":0,"9":0,"10":0,"11":0,"12":0,"13":0,"14":0,"15":0,"16":0,"17":0,"18":0,"19":0,"20":0,"21":0,"22":0,"23":0,"24":0,"25":0,"26":0,"27":0,"28":0,"29":0,"30":0,"31":0,"32":0,"33":0,"34":0,"35":0,"36":0,"37":0,"38":0,"39":0,"40":0,"41":0,"42":0,"43":0,"44":0,"45":0,"46":0,"47":0,"48":0,"49":0,"50":0,"51":0,"52":0,"53":0,"54":0,"55":0},"f":{"0":0,"1":0,"2":0,"3":0,"4":0,"5":0,"6":0,"7":0,"8":0,"9":0,"10":0,"11":0,"12":0,"13":0,"14":0,"15":0,"16":0,"17":0,"18":0,"19":0},"b":{"0":[0,0],"1":[0,0],"2":[0,0],"3":[0,0],"4":[0,0],"5":[0,0,0],"6":[0,0],"7":[0,0],"8":[0,0,0],"9":[0,0],"10":[0,0],"11":[0,0,0],"12":[0,0],"13":[0,0],"14":[0,0,0],"15":[0,0],"16":[0,0],"17":[0,0,0],"18":[0,0],"19":[0,0],"20":[0,0,0],"21":[0,0],"22":[0,0],"23":[0,0,0],"24":[0,0],"25":[0,0],"26":[0,0,0],"27":[0,0],"28":[0,0]}}
,"C:\\projects\\epam\\pomodoro-timetracker-app\\src\\screens\\TaskInputScreen.js": {"path":"C:\\projects\\epam\\pomodoro-timetracker-app\\src\\screens\\TaskInputScreen.js","statementMap":{"0":{"start":{"line":15,"column":24},"end":{"line":149,"column":1}},"1":{"start":{"line":16,"column":16},"end":{"line":16,"column":26}},"2":{"start":{"line":23,"column":6},"end":{"line":23,"column":16}},"3":{"start":{"line":25,"column":36},"end":{"line":25,"column":63}},"4":{"start":{"line":26,"column":42},"end":{"line":26,"column":72}},"5":{"start":{"line":27,"column":40},"end":{"line":27,"column":52}},"6":{"start":{"line":28,"column":48},"end":{"line":28,"column":63}},"7":{"start":{"line":30,"column":2},"end":{"line":36,"column":18}},"8":{"start":{"line":31,"column":18},"end":{"line":33,"column":11}},"9":{"start":{"line":32,"column":6},"end":{"line":32,"column":24}},"10":{"start":{"line":35,"column":4},"end":{"line":35,"column":37}},"11":{"start":{"line":35,"column":17},"end":{"line":35,"column":36}},"12":{"start":{"line":38,"column":26},"end":{"line":53,"column":3}},"13":{"start":{"line":39,"column":4},"end":{"line":52,"column":5}},"14":{"start":{"line":40,"column":6},"end":{"line":47,"column":7}},"15":{"start":{"line":41,"column":22},"end":{"line":41,"column":69}},"16":{"start":{"line":42,"column":8},"end":{"line":42,"column":30}},"17":{"start":{"line":43,"column":8},"end":{"line":43,"column":45}},"18":{"start":{"line":45,"column":8},"end":{"line":45,"column":27}},"19":{"start":{"line":46,"column":8},"end":{"line":46,"column":34}},"20":{"start":{"line":49,"column":6},"end":{"line":49,"column":57}},"21":{"start":{"line":50,"column":6},"end":{"line":50,"column":25}},"22":{"start":{"line":51,"column":6},"end":{"line":51,"column":32}},"23":{"start":{"line":55,"column":21},"end":{"line":59,"column":3}},"24":{"start":{"line":56,"column":4},"end":{"line":56,"column":37}},"25":{"start":{"line":57,"column":4},"end":{"line":57,"column":43}},"26":{"start":{"line":58,"column":4},"end":{"line":58,"column":24}},"27":{"start":{"line":61,"column":33},"end":{"line":64,"column":3}},"28":{"start":{"line":62,"column":4},"end":{"line":62,"column":29}},"29":{"start":{"line":63,"column":4},"end":{"line":63,"column":30}},"30":{"start":{"line":66,"column":23},"end":{"line":68,"column":3}},"31":{"start":{"line":67,"column":4},"end":{"line":67,"column":24}},"32":{"start":{"line":70,"column":2},"end":{"line":148,"column":4}},"33":{"start":{"line":93,"column":18},"end":{"line":102,"column":35}},"34":{"start":{"line":96,"column":37},"end":{"line":96,"column":71}},"35":{"start":{"line":98,"column":24},"end":{"line":98,"column":69}},"36":{"start":{"line":151,"column":15},"end":{"line":188,"column":2}}},"fnMap":{"0":{"name":"(anonymous_0)","decl":{"start":{"line":15,"column":24},"end":{"line":15,"column":25}},"loc":{"start":{"line":15,"column":44},"end":{"line":149,"column":1}},"line":15},"1":{"name":"(anonymous_1)","decl":{"start":{"line":30,"column":12},"end":{"line":30,"column":13}},"loc":{"start":{"line":30,"column":18},"end":{"line":36,"column":3}},"line":30},"2":{"name":"(anonymous_2)","decl":{"start":{"line":31,"column":29},"end":{"line":31,"column":30}},"loc":{"start":{"line":31,"column":35},"end":{"line":33,"column":5}},"line":31},"3":{"name":"(anonymous_3)","decl":{"start":{"line":35,"column":11},"end":{"line":35,"column":12}},"loc":{"start":{"line":35,"column":17},"end":{"line":35,"column":36}},"line":35},"4":{"name":"(anonymous_4)","decl":{"start":{"line":38,"column":26},"end":{"line":38,"column":27}},"loc":{"start":{"line":38,"column":38},"end":{"line":53,"column":3}},"line":38},"5":{"name":"(anonymous_5)","decl":{"start":{"line":55,"column":21},"end":{"line":55,"column":22}},"loc":{"start":{"line":55,"column":27},"end":{"line":59,"column":3}},"line":55},"6":{"name":"(anonymous_6)","decl":{"start":{"line":61,"column":33},"end":{"line":61,"column":34}},"loc":{"start":{"line":61,"column":49},"end":{"line":64,"column":3}},"line":61},"7":{"name":"(anonymous_7)","decl":{"start":{"line":66,"column":23},"end":{"line":66,"column":24}},"loc":{"start":{"line":66,"column":29},"end":{"line":68,"column":3}},"line":66},"8":{"name":"(anonymous_8)","decl":{"start":{"line":92,"column":33},"end":{"line":92,"column":34}},"loc":{"start":{"line":93,"column":18},"end":{"line":102,"column":35}},"line":93},"9":{"name":"(anonymous_9)","decl":{"start":{"line":96,"column":31},"end":{"line":96,"column":32}},"loc":{"start":{"line":96,"column":37},"end":{"line":96,"column":71}},"line":96},"10":{"name":"(anonymous_10)","decl":{"start":{"line":97,"column":28},"end":{"line":97,"column":29}},"loc":{"start":{"line":98,"column":24},"end":{"line":98,"column":69}},"line":98}},"branchMap":{"0":{"loc":{"start":{"line":25,"column":45},"end":{"line":25,"column":62}},"type":"binary-expr","locations":[{"start":{"line":25,"column":45},"end":{"line":25,"column":56}},{"start":{"line":25,"column":60},"end":{"line":25,"column":62}}],"line":25},"1":{"loc":{"start":{"line":26,"column":51},"end":{"line":26,"column":71}},"type":"binary-ex
[...]
},"end":{"line":86,"column":3}},"line":82},"7":{"name":"(anonymous_7)","decl":{"start":{"line":168,"column":17},"end":{"line":168,"column":18}},"loc":{"start":{"line":168,"column":23},"end":{"line":168,"column":55}},"line":168}},"branchMap":{"0":{"loc":{"start":{"line":31,"column":4},"end":{"line":41,"column":5}},"type":"if","locations":[{"start":{"line":31,"column":4},"end":{"line":41,"column":5}},{"start":{"line":37,"column":11},"end":{"line":41,"column":5}}],"line":31},"1":{"loc":{"start":{"line":31,"column":8},"end":{"line":31,"column":59}},"type":"binary-expr","locations":[{"start":{"line":31,"column":8},"end":{"line":31,"column":29}},{"start":{"line":31,"column":33},"end":{"line":31,"column":59}}],"line":31},"2":{"loc":{"start":{"line":32,"column":6},"end":{"line":36,"column":7}},"type":"if","locations":[{"start":{"line":32,"column":6},"end":{"line":36,"column":7}},{"start":{"line":34,"column":13},"end":{"line":36,"column":7}}],"line":32},"3":{"loc":{"start":{"line":37,"column":11},"end":{"line":41,"column":5}},"type":"if","locations":[{"start":{"line":37,"column":11},"end":{"line":41,"column":5}},{"start":{"line":39,"column":11},"end":{"line":41,"column":5}}],"line":37},"4":{"loc":{"start":{"line":39,"column":11},"end":{"line":41,"column":5}},"type":"if","locations":[{"start":{"line":39,"column":11},"end":{"line":41,"column":5}},{"start":{},"end":{}}],"line":39},"5":{"loc":{"start":{"line":60,"column":4},"end":{"line":73,"column":5}},"type":"if","locations":[{"start":{"line":60,"column":4},"end":{"line":73,"column":5}},{"start":{},"end":{}}],"line":60},"6":{"loc":{"start":{"line":77,"column":4},"end":{"line":77,"column":76}},"type":"if","locations":[{"start":{"line":77,"column":4},"end":{"line":77,"column":76}},{"start":{},"end":{}}],"line":77},"7":{"loc":{"start":{"line":77,"column":8},"end":{"line":77,"column":59}},"type":"binary-expr","locations":[{"start":{"line":77,"column":8},"end":{"line":77,"column":29}},{"start":{"line":77,"column":33},"end":{"line":77,"column":59}}],"line":77},"8":{"loc":{"start":{"line":78,"column":4},"end":{"line":78,"column":49}},"type":"if","locations":[{"start":{"line":78,"column":4},"end":{"line":78,"column":49}},{"start":{},"end":{}}],"line":78},"9":{"loc":{"start":{"line":83,"column":4},"end":{"line":83,"column":75}},"type":"if","locations":[{"start":{"line":83,"column":4},"end":{"line":83,"column":75}},{"start":{},"end":{}}],"line":83},"10":{"loc":{"start":{"line":83,"column":8},"end":{"line":83,"column":59}},"type":"binary-expr","locations":[{"start":{"line":83,"column":8},"end":{"line":83,"column":29}},{"start":{"line":83,"column":33},"end":{"line":83,"column":59}}],"line":83},"11":{"loc":{"start":{"line":84,"column":4},"end":{"line":84,"column":49}},"type":"if","locations":[{"start":{"line":84,"column":4},"end":{"line":84,"column":49}},{"start":{},"end":{}}],"line":84},"12":{"loc":{"start":{"line":99,"column":7},"end":{"line":110,"column":7}},"type":"binary-expr","locations":[{"start":{"line":99,"column":7},"end":{"line":99,"column":29}},{"start":{"line":99,"column":33},"end":{"line":99,"column":44}},{"start":{"line":100,"column":8},"end":{"line":109,"column":15}}],"line":99},"13":{"loc":{"start":{"line":151,"column":11},"end":{"line":160,"column":11}},"type":"binary-expr","locations":[{"start":{"line":151,"column":11},"end":{"line":151,"column":34}},{"start":{"line":152,"column":12},"end":{"line":159,"column":21}}],"line":151}},"s":{"0":1,"1":19,"2":18,"3":18,"4":18,"5":18,"6":18,"7":4,"8":2,"9":1,"10":1,"11":2,"12":1,"13":1,"14":1,"15":18,"16":2,"17":18,"18":2,"19":2,"20":18,"21":18,"22":14,"23":4,"24":3,"25":1,"26":18,"27":18,"28":14,"29":4,"30":3,"31":1,"32":18,"33":1,"34":1},"f":{"0":19,"1":18,"2":4,"3":2,"4":2,"5":18,"6":18,"7":1},"b":{"0":[2,2],"1":[4,2],"2":[1,1],"3":[1,1],"4":[1,0],"5":[2,0],"6":[14,4],"7":[18,6],"8":[3,1],"9":[14,4],"10":[18,6],"11":[3,1],"12":[18,3,1],"13":[18,12]},"_coverageSchema":"1a1c01bbd47fc00a2c39e90264f33305004495a9","hash":"54422c8bf0fe7dfcf4e33e95a5c3fdad2ed70d76"}
,"C:\\projects\\epam\\pomodoro-timetracker-app\\src\\utils\\storage.js": {"path":"C:\\projects\\epam\\pomodoro-timetracker-app\\src\\utils\\storage.js","statementMap":{"0":{"start":{"line":4,"column":21},"end":{"line":8,"column":1}},"1":{"start":{"line":11,"column":29},"end":{"line":37,"column":1}},"2":{"start":{"line":13,"column":4},"end":{"line":17,"column":5}},"3":{"start":{"line":14,"column":6},"end":{"line":14,"column":65}},"4":{"start":{"line":16,"column":6},"end":{"line":16,"column":62}},"5":{"start":{"line":21,"column":4},"end":{"line":27,"column":5}},"6":{"start":{"line":22,"column":20},"end":{"line":22,"column":55}},"7":{"start":{"line":23,"column":6},"end":{"line":23,"column":46}},"8":{"start":{"line":25,"column":6},"end":{"line":25,"column":65}},"9":{"start":{"line":26,"column":6},"end":{"line":26,"column":18}},"10":{"start":{"line":31,"column":4},"end":{"line":35,"column":5}},"11":{"start":{"line":32,"column":6},"end":{"line":32,"column":45}},"12":{"start":{"line":34,"column":6},"end":{"line":34,"column":66}},"13":{"start":{"line":40,"column":23},"end":{"line":66,"column":1}},"14":{"start":{"line":42,"column":4},"end":{"line":46,"column":5}},"15":{"start":{"line":43,"column":6},"end":{"line":43,"column":61}},"16":{"start":{"line":45,"column":6},"end":{"line":45,"column":55}},"17":{"start":{"line":50,"column":4},"end":{"line":56,"column":5}},"18":{"start":{"line":51,"column":20},"end":{"line":51,"column":51}},"19":{"start":{"line":52,"column":6},"end":{"line":52,"column":46}},"20":{"start":{"line":54,"column":6},"end":{"line":54,"column":58}},"21":{"start":{"line":55,"column":6},"end":{"line":55,"column":18}},"22":{"start":{"line":60,"column":4},"end":{"line":64,"column":5}},"23":{"start":{"line":61,"column":6},"end":{"line":61,"column":41}},"24":{"start":{"line":63,"column":6},"end":{"line":63,"column":59}},"25":{"start":{"line":69,"column":30},"end":{"line":114,"column":1}},"26":{"start":{"line":71,"column":4},"end":{"line":79,"column":5}},"27":{"start":{"line":72,"column":23},"end":{"line":72,"column":47}},"28":{"start":{"line":73,"column":6},"end":{"line":73,"column":29}},"29":{"start":{"line":74,"column":6},"end":{"line":74,"column":61}},"30":{"start":{"line":75,"column":6},"end":{"line":75,"column":18}},"31":{"start":{"line":77,"column":6},"end":{"line":77,"column":52}},"32":{"start":{"line":78,"column":6},"end":{"line":78,"column":19}},"33":{"start":{"line":83,"column":4},"end":{"line":89,"column":5}},"34":{"start":{"line":84,"column":23},"end":{"line":84,"column":67}},"35":{"start":{"line":85,"column":6},"end":{"line":85,"column":28}},"36":{"start":{"line":87,"column":6},"end":{"line":87,"column":54}},"37":{"start":{"line":88,"column":6},"end":{"line":88,"column":16}},"38":{"start":{"line":93,"column":4},"end":{"line":102,"column":5}},"39":{"start":{"line":94,"column":23},"end":{"line":94,"column":47}},"40":{"start":{"line":95,"column":6},"end":{"line":98,"column":9}},"41":{"start":{"line":96,"column":28},"end":{"line":96,"column":55}},"42":{"start":{"line":97,"column":8},"end":{"line":97,"column":66}},"43":{"start":{"line":100,"column":6},"end":{"line":100,"column":68}},"44":{"start":{"line":101,"column":6},"end":{"line":101,"column":16}},"45":{"start":{"line":106,"column":4},"end":{"line":112,"column":5}},"46":{"start":{"line":107,"column":6},"end":{"line":107,"column":54}},"47":{"start":{"line":108,"column":6},"end":{"line":108,"column":18}},"48":{"start":{"line":110,"column":6},"end":{"line":110,"column":55}},"49":{"start":{"line":111,"column":6},"end":{"line":111,"column":19}},"50":{"start":{"line":117,"column":27},"end":{"line":184,"column":1}},"51":{"start":{"line":119,"column":4},"end":{"line":140,"column":5}},"52":{"start":{"line":120,"column":20},"end":{"line":120,"column":41}},"53":{"start":{"line":121,"column":27},"end":{"line":121,"column":91}},"54":{"start":{"line":121,"column":43},"end":{"line":121,"column":90}},"55":{"start":{"line":123,"column":6},"end":{"line":133,"column":7}},"56":{"start":{"line":124,"column":8},"end":{"line":124,"column":32}},"57":{"start":{"line":125,"column":8},"end":{"line":125,"column":57}},"58":{"start":{"line":127,"column":8},"end":{"line":132,"column":11}},"59":{"start":{"line":135,"column":6},"end":{"line":135,"column":55}},"60":{"start":{"line":136,"column":6},"end":{"line":136,"column":18}},"61":{"start":{"line":138,"column":6},"end":{"line":138,"column":49}},"62":{"start":{"line":139,"column":6},"end":{"line":139,"column":19}},"63":{"start":{"line":144,"column":4},"end":{"line":150,"column":5}},"64":{"start":{"line":145,"column":20},"end":{"line":145,"column":61}},"65":{"start":{"line":146,"column":6},"end":{"line":146,"column":25}},"66":{"start":{"line":148,"column":6},"end":{"line":148,"column":51}},"67":{"start":{"line":149,"column":6},"end":{"line":149,"column":16}},"68":{"start":{"line":154,"column":4},"end":{"line":182,"column":5}},"69":{"start":{"line":155,"column":20},"end":{"line":155,"column":41}},"70":{"start":{"line":156,"column":18},"end":{"line":156,"column":28}},"71":{"start":{"line":157,"column":27},"end":{"line":157,"column":76}},"72":{"start":{"line":159,"column":23},"end":{"line":161,"column":7}},"73":{"start":{"line":160,"column":8},"end":{"line":160,"column":61}},"74":{"start":{"line":164,"column":21},"end":{"line":176,"column":8}},"75":{"start":{"line":165,"column":24},"end":{"line":165,"column":60}},"76":{"start":{"line":166,"column":24},"end":{"line":166,"column":60}},"77":{"start":{"line":168,"column":8},"end":{"line":168,"column":43}},"78":{"start":{"line":168,"column":33},"end":{"line":168,"column":43}},"79":{"start":{"line":169,"column":8},"end":{"line":169,"column":42}},"80":{"start":{"line":169,"column":33},"end":{"line":169,"column":42}},"81":{"start":{"line":170,"column":8},"end":{"line":172,"column":9}},"82":{"start":{"line":171,"column":10},"end":{"line":171,"column":61}},"83":{"start":{"line":174,"column":8},"end":{"line":174,"column":58}},"84":{"start":{"line":174,"column":33},"end":{"line":174,"column":58}},"85":{"start":{"line":175,"column":8},"end":{"line":175,"column":44}},"86":{"start":{"line":178,"column":6},"end":{"line":178,"column":53}},"87":{"start":{"line":178,"column":45},"end":{"line":178,"column":51}},"88":{"start":{"line":180,"column":6},"end":{"line":180,"column":57}},"89":{"start":{"line":181,"column":6},"end":{"line":181,"column":16}},"90":{"start":{"line":187,"column":31},"end":{"line":227,"column":1}},"91":{"start":{"line":189,"column":4},"end":{"line":195,"column":5}},"92":{"start":{"line":190,"column":6},"end":{"line":190,"column":67}},"93":{"start":{"line":191,"column":6},"end":{"line":191,"column":18}},"94":{"start":{"line":193,"column":6},"end":{"line":193,"column":53}},"95":{"start":{"line":194,"column":6},"end":{"line":194,"column":19}},"96":{"start":{"line":199,"column":4},"end":{"line":199,"column":39}},"97":{"start":{"line":203,"column":4},"end":{"line":209,"column":5}},"98":{"start":{"line":204,"column":23},"end":{"line":204,"column":73}},"99":{"start":{"line":205,"column":6},"end":{"line":205,"column":51}},"100":{"start":{"line":207,"column":6},"end":{"line":207,"column":54}},"101":{"start":{"line":208,"column":6},"end":{"line":208,"column":39}},"102":{"start":{"line":213,"column":4},"end":{"line":225,"column":6}}},"fnMap":{"0":{"name":"(anonymous_0)","decl":{"start":{"line":12,"column":2},"end":{"line":12,"column":3}},"loc":{"start":{"line":12,"column":28},"end":{"line":18,"column":3}},"line":12},"1":{"name":"(anonymous_1)","decl":{"start":{"line":20,"column":2},"end":{"line":20,"column":3}},"loc":{"start":{"line":20,"column":21},"end":{"line":28,"column":3}},"line":20},"2":{"name":"(anonymous_2)","decl":{"start":{"line":30,"column":2},"end":{"line":30,"column":3}},"loc":{"start":{"line":30,"column":24},"end":{"line":36,"column":3}},"line":30},"3":{"name":"(anonymous_3)","decl":{"start":{"line":41,"column":2},"end":{"line":41,"column":3}},"loc":{"start":{"line":41,"column":28},"end":{"line":47,"column":3}},"line":41},"4":{"name":"(anonymous_4)","decl":{"start":{"line":49,"column":2},"end":{"line":49,"column":3}},"loc":{"start":{"line":49,"column":21},"end":{"line":57,"column":3}},"line":49},"5":{"name":"(anonymous_5)","decl":{"start":{"line":59,"column":2},"end":{"line":59,"column":3}},"loc":{"start":{"line":59,"column":24},"end":{"line":65,"column":3}},"line":59},"6":{"name":"(anonymous_6)","decl":{"start":{"line":70,"column":2},"end":{"line":70,"column":3}},"loc":{"start":{"line":70,"column":29},"end":{"line":80,"column":3}},"line":70},"7":{"name":"(anonymous_7)","decl":{"start":{"line":82,"column":2},"end":{"line":82,"column":3}},"loc":{"start":{"line":82,"column":22},"end":{"line":90,"column":3}},"line":82},"8":{"name":"(anonymous_8)","decl":{"start":{"line":92,"column":2},"end":{"line":92,"column":3}},"loc":{"start":{"line":92,"column":51},"end":{"line":103,"column":3}},"line":92},"9":{"name":"(anonymous_9)","decl":{"start":{"line":95,"column":29},"end":{"line":95,"column":30}},"loc":{"start":{"line":95,"column":40},"end":{"line":98,"column":7}},"line":95},"10":{"name":"(anonymous_10)","decl":{"start":{"line":105,"column":2},"end":{"line":105,"column":3}},"loc":{"start":{"line":105,"column":27},"end":{"line":113,"column":3}},"line":105},"11":{"name":"(anonymous_11)","decl":{"start":{"line":118,"column":2},"end":{"line":118,"column":3}},"loc":{"start":{"line":118,"column":27},"end":{"line":141,"column":3}},"line":118},"12":{"name":"(anonymous_12)","decl":{"start":{"line":121,"column":38},"end":{"line":121,"column":39}},"loc":{"start":{"line":121,"column":43},"end":{"line":121,"column":90}},"line":121},"13":{"name":"(anonymous_13)","decl":{"start":{"line":143,"column":2},"end":{"line":143,"column":3}},"loc":{"start":{"line":143,"column":19},"end":{"line":151,"column":3}},"line":143},"14":{"name":"(anonymous_14)","decl":{"start":{"line":153,"column":2},"end":{"line":153,"column":3}},"loc":{"start":{"line":153,"column":42},"end":{"line":183,"column":3}},"line":153},"15":{"name":"(anonymous_15)","decl":{"start":{"line":159,"column":36},"end":{"line":159,"column":37}},"loc":{"start":{"line":160,"column":8},"end":{"line":160,"column":61}},"line":160},"16":{"name":"(anonymous_16)","decl":{"start":{"line":164,"column":35},"end":{"line":164,"column":36}},"loc":{"start":{"line":164,"column":45},"end":{"line":176,"column":7}},"line":164},"17":{"name":"(anonymous_17)","decl":{"start":{"line":178,"column":40},"end":{"line":178,"column":41}},"loc":{"start":{"line":178,"column":45},"end":{"line":178,"column":51}},"line":178},"18":{"name":"(anonymous_18)","decl":{"start":{"line":188,"column":2},"end":{"line":188,"column":3}},"loc":{"start":{"line":188,"column":31},"end":{"line":196,"column":3}},"line":188},"19":{"name":"(anonymous_19)","decl":{"start":{"line":198,"column":2},"end":{"line":198,"column":3}},"loc":{"start":{"line":198,"column":30},"end":{"line":200,"column":3}},"line":198},"20":{"name":"(anonymous_20)","decl":{"start":{"line":202,"column":2},"end":{"line":202,"column":3}},"loc":{"start":{"line":202,"column":22},"end":{"line":210,"column":3}},"line":202},"21":{"name":"(anonymous_21)","decl":{"start":{"line":212,"column":2},"end":{"line":212,"column":3}},"loc":{"start":{"line":212,"column":23},"end":{"line":226,"column":3}},"line":212}},"branchMap":{"0":{"loc":{"start":{"line":23,"column":13},"end":{"line":23,"column":45}},"type":"cond-expr","locations":[{"start":{"line":23,"column":21},"end":{"line":23,"column":38}},{"start":{"line":23,"column":41},"end":{"line":23,"column":45}}],"line":23},"1":{"loc":{"start":{"line":52,"column":13},"end":{"line":52,"column":45}},"type":"cond-expr","locations":[{"start":{"line":52,"column":21},"end":{"line":52,"column":38}},{"start":{"line":52,"column":41},"end":{"line":52,"column":45}}],"line":52},"2":{"loc":{"start":{"line":85,"column":13},"end":{"line":85,"column":27}},"type":"binary-expr","locations":[{"start":{"line":85,"column":13},"end":{"line":85,"column":21}},{"start":{"line":85,"column":25},"end":{"line":85,"column":27}}],"line":85},"3":{"loc":{"start":{"line":97,"column":15},"end":{"line":97,"column":65}},"type":"binary-expr","locations":[{"start":{"line":97,"column":15},"end":{"line":97,"column":39}},{"start":{"line":97,"column":43},"end":{"line":97,"column":65}}],"line":97},"4":{"loc":{"start":{"line":123,"column":6},"end":{"line":133,"column":7}},"type":"if","locations":[{"start":{"line":123,"column":6},"end":{"line":133,"column":7}},{"start":{"line":126,"column":13},"end":{"line":133,"column":7}}],"line":123},"5":{"loc":{"start":{"line":146,"column":13},"end":{"line":146,"column":24}},"type":"binary-expr","locations":[{"start":{"line":146,"column":13},"end":{"line":146,"column":18}},{"start":{"line":146,"column":22},"end":{"line":146,"column":24}}],"line":146},"6":{"loc":{"start":{"line":153,"column":30},"end":{"line":153,"column":40}},"type":"default-arg","locations":[{"start":{"line":153,"column":38},"end":{"line":153,"column":40}}],"line":153},"7":{"loc":{"start":{"line":168,"column":8},"end":{"line":168,"column":43}},"type":"if","locations":[{"start":{"line":168,"column":8},"end":{"line":168,"column":43}},{"start":{},"end":{}}],"line":168},"8":{"loc":{"start":{"line":168,"column":12},"end":{"line":168,"column":31}},"type":"binary-expr","locations":[{"start":{"line":168,"column":12},"end":{"line":168,"column":19}},{"start":{"line":168,"column":23},"end":{"line":168,"column":31}}],"line":168},"9":{"loc":{"start":{"line":169,"column":8},"end":{"line":169,"column":42}},"type":"if","locations":[{"start":{"line":169,"column":8},"end":{"line":169,"column":42}},{"start":{},"end":{}}],"line":169},"10":{"loc":{"start":{"line":169,"column":12},"end":{"line":169,"column":31}},"type":"binary-expr","locations":[{"start":{"line":169,"column":12},"end":{"line":169,"column":20}},{"start":{"line":169,"column":24},"end":{"line":169,"column":31}}],"line":169},"11":{"loc":{"start":{"line":170,"column":8},"end":{"line":172,"column":9}},"type":"if","locations":[{"start":{"line":170,"column":8},"end":{"line":172,"column":9}},{"start":{},"end":{}}],"line":170},"12":{"loc":{"start":{"line":170,"column":12},"end":{"line":170,"column":30}},"type":"binary-expr","locations":[{"start":{"line":170,"column":12},"end":{"line":170,"column":19}},{"start":{"line":170,"column":23},"end":{"line":170,"column":30}}],"line":170},"13":{"loc":{"start":{"line":174,"column":8},"end":{"line":174,"column":58}},"type":"if","locations":[{"start":{"line":174,"column":8},"end":{"line":174,"column":58}},{"start":{},"end":{}}],"line":174},"14":{"loc":{"start":{"line":205,"column":13},"end":{"line":205,"column":50}},"type":"binary-expr","locations":[{"start":{"line":205,"column":13},"end":{"line":205,"column":21}},{"start":{"line":205,"column":25},"end":{"line":205,"column":50}}],"line":205}},"s":{"0":4,"1":4,"2":2,"3":2,"4":0,"5":4,"6":4,"7":4,"8":0,"9":0,"10":1,"11":1,"12":0,"13":4,"14":5,"15":5,"16":1,"17":11,"18":11,"19":11,"20":0,"21":0,"22":2,"23":2,"24":0,"25":4,"26":1,"27":1,"28":1,"29":1,"30":1,"31":0,"32":0,"33":4,"34":4,"35":4,"36":0,"37":0,"38":1,"39":1,"40":1,"41":3,"42":3,"43":0,"44":0,"45":1,"46":1,"47":1,"48":0,"49":0,"50":4,"51":2,"52":2,"53":2,"54":1,"55":2,"56":1,"57":1,"58":1,"59":2,"60":2,"61":0,"62":0,"63":5,"64":5,"65":5,"66":0,"67":0,"68":2,"69":2,"70":2,"71":2,"72":2,"73":22,"74":2,"75":20,"76":20,"77":20,"78":0,"79":20,"80":0,"81":20,"82":20,"83":0,"84":0,"85":0,"86":2,"87":7,"88":0,"89":0,"90":4,"91":1,"92":1,"93":1,"94":0,"95":0,"96":1,"97":2,"98":2,"99":2,"100":0,"101":0,"102":1},"f":{"0":2,"1":4,"2":1,"3":5,"4":11,"5":2,"6":1,"7":4,"8":1,"9":3,"10":1,"11":2,"12":1,"13":5,"14":2,"15":22,"16":20,"17":7,"18":1,"19":1,"20":2,"21":1},"b":{"0":[2,2],"1":[8,3],"2":[4,1],"3":[3,2],"4":[1,1],"5":[5,1],"6":[1],"7":[0,20],"8":[20,20],"9":[0,20],"10":[20,0],"11":[20,0],"12":[20,20],"13":[0,0],"14":[2,1]},"_coverageSchema":"1a1c01bbd47fc00a2c39e90264f33305004495a9","hash":"acb7a64b091efe1de72f4ee5f47c020951f8713a"}
}
