TN:
SF:src\theme.js
FNF:0
FNH:0
DA:3,0
DA:29,0
DA:55,0
LF:3
LH:0
BRF:0
BRH:0
end_of_record
TN:
SF:src\components\CircularTimer.js
FN:14,(anonymous_0)
FN:22,(anonymous_1)
FN:26,(anonymous_2)
FN:37,(anonymous_3)
FNF:4
FNH:4
FNDA:9,(anonymous_0)
FNDA:9,(anonymous_1)
FNDA:9,(anonymous_2)
FNDA:18,(anonymous_3)
DA:12,1
DA:14,1
DA:15,9
DA:16,9
DA:17,9
DA:18,9
DA:19,9
DA:22,9
DA:23,9
DA:26,9
DA:29,9
DA:31,9
DA:32,9
DA:37,9
DA:38,18
DA:41,9
DA:94,1
LF:17
LH:17
BRDA:14,0,0,8
BRDA:14,1,0,8
BRDA:74,2,0,9
BRDA:74,2,1,0
BRDA:83,3,0,5
BRDA:83,3,1,4
BRDA:85,4,0,0
BRDA:85,4,1,4
BRF:8
BRH:6
end_of_record
TN:
SF:src\context\TimerContext.js
FN:10,(anonymous_0)
FN:18,(anonymous_1)
FN:35,(anonymous_2)
FN:42,(anonymous_3)
FN:49,(anonymous_4)
FN:51,(anonymous_5)
FN:60,(anonymous_6)
FN:79,(anonymous_7)
FN:137,(anonymous_8)
FN:144,(anonymous_9)
FN:152,(anonymous_10)
FN:154,(anonymous_11)
FN:155,(anonymous_12)
FN:170,(anonymous_13)
FN:178,(anonymous_14)
FN:179,(anonymous_15)
FN:187,(anonymous_16)
FN:210,(anonymous_17)
FN:217,(anonymous_18)
FN:226,(anonymous_19)
FN:234,(anonymous_20)
FN:239,(anonymous_21)
FN:254,(anonymous_22)
FN:261,(anonymous_23)
FN:274,(anonymous_24)
FN:280,(anonymous_25)
FN:291,(anonymous_26)
FN:300,(anonymous_27)
FNF:28
FNH:0
FNDA:0,(anonymous_0)
FNDA:0,(anonymous_1)
FNDA:0,(anonymous_2)
FNDA:0,(anonymous_3)
FNDA:0,(anonymous_4)
FNDA:0,(anonymous_5)
FNDA:0,(anonymous_6)
FNDA:0,(anonymous_7)
FNDA:0,(anonymous_8)
FNDA:0,(anonymous_9)
FNDA:0,(anonymous_10)
FNDA:0,(anonymous_11)
FNDA:0,(anonymous_12)
FNDA:0,(anonymous_13)
FNDA:0,(anonymous_14)
FNDA:0,(anonymous_15)
FNDA:0,(anonymous_16)
FNDA:0,(anonymous_17)
FNDA:0,(anonymous_18)
FNDA:0,(anonymous_19)
FNDA:0,(anonymous_20)
FNDA:0,(anonymous_21)
FNDA:0,(anonymous_22)
FNDA:0,(anonymous_23)
FNDA:0,(anonymous_24)
FNDA:0,(anonymous_25)
FNDA:0,(anonymous_26)
FNDA:0,(anonymous_27)
DA:8,3
DA:10,3
DA:11,0
DA:12,0
DA:13,0
DA:15,0
DA:18,3
DA:19,0
DA:20,0
DA:21,0
DA:22,0
DA:23,0
DA:24,0
DA:25,0
DA:26,0
DA:27,0
DA:28,0
DA:30,0
DA:31,0
DA:32,0
DA:35,0
DA:36,0
DA:37,0
DA:38,0
DA:42,0
DA:43,0
DA:44,0
DA:45,0
DA:49,0
DA:50,0
DA:51,0
DA:60,0
DA:61,0
DA:62,0
DA:63,0
DA:65,0
DA:66,0
DA:67,0
DA:70,0
DA:71,0
DA:74,0
DA:79,0
DA:80,0
DA:83,0
DA:84,0
DA:85,0
DA:87,0
DA:92,0
DA:93,0
DA:94,0
DA:96,0
DA:101,0
DA:102,0
DA:113,0
DA:117,0
DA:118,0
DA:127,0
DA:128,0
DA:129,0
DA:132,0
DA:133,0
DA:136,0
DA:137,0
DA:138,0
DA:143,0
DA:144,0
DA:145,0
DA:152,0
DA:153,0
DA:154,0
DA:155,0
DA:156,0
DA:157,0
DA:158,0
DA:160,0
DA:164,0
DA:165,0
DA:166,0
DA:170,0
DA:171,0
DA:172,0
DA:178,0
DA:179,0
DA:180,0
DA:185,0
DA:186,0
DA:187,0
DA:188,0
DA:189,0
DA:191,0
DA:193,0
DA:195,0
DA:197,0
DA:202,0
DA:203,0
DA:207,0
DA:210,0
DA:211,0
DA:217,0
DA:218,0
DA:219,0
DA:220,0
DA:221,0
DA:222,0
DA:224,0
DA:225,0
DA:226,0
DA:228,0
DA:230,0
DA:231,0
DA:234,0
DA:235,0
DA:236,0
DA:239,0
DA:240,0
DA:241,0
DA:247,0
DA:248,0
DA:249,0
DA:250,0
DA:251,0
DA:254,0
DA:255,0
DA:256,0
DA:257,0
DA:258,0
DA:261,0
DA:262,0
DA:265,0
DA:266,0
DA:270,0
DA:271,0
DA:274,0
DA:275,0
DA:276,0
DA:277,0
DA:280,0
DA:281,0
DA:282,0
DA:283,0
DA:286,0
DA:287,0
DA:291,0
DA:292,0
DA:293,0
DA:294,0
DA:295,0
DA:297,0
DA:300,0
DA:301,0
DA:306,0
DA:309,0
DA:331,0
LF:153
LH:3
BRDA:12,0,0,0
BRDA:12,0,1,0
BRDA:65,1,0,0
BRDA:65,1,1,0
BRDA:70,2,0,0
BRDA:70,2,1,0
BRDA:83,3,0,0
BRDA:83,3,1,0
BRDA:92,4,0,0
BRDA:92,4,1,0
BRDA:104,5,0,0
BRDA:104,5,1,0
BRDA:105,6,0,0
BRDA:105,6,1,0
BRDA:117,7,0,0
BRDA:117,7,1,0
BRDA:117,8,0,0
BRDA:117,8,1,0
BRDA:122,9,0,0
BRDA:122,9,1,0
BRDA:128,10,0,0
BRDA:128,10,1,0
BRDA:136,11,0,0
BRDA:136,11,1,0
BRDA:143,12,0,0
BRDA:143,12,1,0
BRDA:153,13,0,0
BRDA:153,13,1,0
BRDA:156,14,0,0
BRDA:156,14,1,0
BRDA:164,15,0,0
BRDA:164,15,1,0
BRDA:171,16,0,0
BRDA:171,16,1,0
BRDA:180,17,0,0
BRDA:180,17,1,0
BRDA:181,18,0,0
BRDA:181,18,1,0
BRDA:185,19,0,0
BRDA:185,19,1,0
BRDA:189,20,0,0
BRDA:189,20,1,0
BRDA:189,21,0,0
BRDA:189,21,1,0
BRDA:197,22,0,0
BRDA:197,22,1,0
BRDA:198,23,0,0
BRDA:198,23,1,0
BRDA:202,24,0,0
BRDA:202,24,1,0
BRDA:218,25,0,0
BRDA:218,25,1,0
BRDA:218,26,0,0
BRDA:218,26,1,0
BRDA:222,27,0,0
BRDA:222,27,1,0
BRDA:224,28,0,0
BRDA:224,28,1,0
BRDA:241,29,0,0
BRDA:241,29,1,0
BRDA:242,30,0,0
BRDA:242,30,1,0
BRDA:243,31,0,0
BRDA:243,31,1,0
BRDA:244,32,0,0
BRDA:244,32,1,0
BRDA:245,33,0,0
BRDA:245,33,1,0
BRDA:256,34,0,0
BRDA:256,34,1,0
BRDA:262,35,0,0
BRDA:262,35,1,0
BRDA:263,36,0,0
BRDA:263,36,1,0
BRDA:265,37,0,0
BRDA:265,37,1,0
BRDA:266,38,0,0
BRDA:266,38,1,0
BRDA:267,39,0,0
BRDA:267,39,1,0
BRDA:268,40,0,0
BRDA:268,40,1,0
BRDA:277,41,0,0
BRDA:277,41,1,0
BRDA:286,42,0,0
BRDA:286,42,1,0
BRDA:294,43,0,0
BRDA:294,43,1,0
BRDA:301,44,0,0
BRDA:301,44,1,0
BRDA:302,45,0,0
BRDA:302,45,1,0
BRDA:303,46,0,0
BRDA:303,46,1,0
BRDA:304,47,0,0
BRDA:304,47,1,0
BRDA:305,48,0,0
BRDA:305,48,1,0
BRF:98
BRH:0
end_of_record
TN:
SF:src\screens\ReportsScreen.js
FN:29,(anonymous_0)
FN:41,(anonymous_1)
FN:45,(anonymous_2)
FN:72,(anonymous_3)
FN:74,(anonymous_4)
FN:76,(anonymous_5)
FN:79,(anonymous_6)
FN:95,(anonymous_7)
FN:104,(anonymous_8)
FN:116,(anonymous_9)
FN:119,(anonymous_10)
FN:121,(anonymous_11)
FN:126,(anonymous_12)
FN:134,(anonymous_13)
FN:141,(anonymous_14)
FN:142,(anonymous_15)
FN:167,(anonymous_16)
FN:216,(anonymous_17)
FN:228,(anonymous_18)
FN:289,(anonymous_19)
FN:295,(anonymous_20)
FN:306,(anonymous_21)
FN:343,(anonymous_22)
FN:351,(anonymous_23)
FN:377,(anonymous_24)
FN:378,(anonymous_25)
FN:385,(anonymous_26)
FNF:27
FNH:0
FNDA:0,(anonymous_0)
FNDA:0,(anonymous_1)
FNDA:0,(anonymous_2)
FNDA:0,(anonymous_3)
FNDA:0,(anonymous_4)
FNDA:0,(anonymous_5)
FNDA:0,(anonymous_6)
FNDA:0,(anonymous_7)
FNDA:0,(anonymous_8)
FNDA:0,(anonymous_9)
FNDA:0,(anonymous_10)
FNDA:0,(anonymous_11)
FNDA:0,(anonymous_12)
FNDA:0,(anonymous_13)
FNDA:0,(anonymous_14)
FNDA:0,(anonymous_15)
FNDA:0,(anonymous_16)
FNDA:0,(anonymous_17)
FNDA:0,(anonymous_18)
FNDA:0,(anonymous_19)
FNDA:0,(anonymous_20)
FNDA:0,(anonymous_21)
FNDA:0,(anonymous_22)
FNDA:0,(anonymous_23)
FNDA:0,(anonymous_24)
FNDA:0,(anonymous_25)
FNDA:0,(anonymous_26)
DA:17,0
DA:18,0
DA:19,0
DA:20,0
DA:21,0
DA:22,0
DA:23,0
DA:24,0
DA:26,0
DA:29,0
DA:30,0
DA:31,0
DA:32,0
DA:33,0
DA:34,0
DA:35,0
DA:41,0
DA:42,0
DA:45,0
DA:46,0
DA:49,0
DA:50,0
DA:51,0
DA:52,0
DA:53,0
DA:54,0
DA:55,0
DA:56,0
DA:58,0
DA:59,0
DA:62,0
DA:63,0
DA:64,0
DA:66,0
DA:67,0
DA:68,0
DA:72,0
DA:73,0
DA:74,0
DA:75,0
DA:76,0
DA:77,0
DA:79,0
DA:80,0
DA:81,0
DA:82,0
DA:84,0
DA:85,0
DA:88,0
DA:90,0
DA:91,0
DA:95,0
DA:96,0
DA:97,0
DA:98,0
DA:99,0
DA:101,0
DA:104,0
DA:105,0
DA:106,0
DA:107,0
DA:108,0
DA:109,0
DA:110,0
DA:112,0
DA:116,0
DA:117,0
DA:118,0
DA:119,0
DA:121,0
DA:126,0
DA:127,0
DA:129,0
DA:130,0
DA:134,0
DA:135,0
DA:136,0
DA:137,0
DA:141,0
DA:142,0
DA:143,0
DA:144,0
DA:145,0
DA:147,0
DA:150,0
DA:155,0
DA:157,0
DA:158,0
DA:159,0
DA:160,0
DA:162,0
DA:163,0
DA:164,0
DA:165,0
DA:167,0
DA:168,0
DA:169,0
DA:170,0
DA:172,0
DA:176,0
DA:182,0
DA:183,0
DA:186,0
DA:188,0
DA:190,0
DA:192,0
DA:193,0
DA:197,0
DA:216,0
DA:229,0
DA:230,0
DA:289,0
DA:296,0
DA:306,0
DA:344,0
DA:351,0
DA:377,0
DA:379,0
DA:386,0
DA:404,0
LF:120
LH:0
BRDA:49,0,0,0
BRDA:49,0,1,0
BRDA:54,1,0,0
BRDA:54,1,1,0
BRDA:63,2,0,0
BRDA:63,2,1,0
BRDA:64,3,0,0
BRDA:64,3,1,0
BRDA:74,4,0,0
BRDA:74,4,1,0
BRDA:76,5,0,0
BRDA:76,5,1,0
BRDA:80,6,0,0
BRDA:80,6,1,0
BRDA:81,7,0,0
BRDA:81,7,1,0
BRDA:85,8,0,0
BRDA:85,8,1,0
BRDA:98,9,0,0
BRDA:98,9,1,0
BRDA:105,10,0,0
BRDA:105,10,1,0
BRDA:107,11,0,0
BRDA:107,11,1,0
BRDA:118,12,0,0
BRDA:118,12,1,0
BRDA:119,13,0,0
BRDA:119,13,1,0
BRDA:119,14,0,0
BRDA:119,14,1,0
BRDA:122,15,0,0
BRDA:122,15,1,0
BRDA:123,16,0,0
BRDA:123,16,1,0
BRDA:124,17,0,0
BRDA:124,17,1,0
BRDA:136,18,0,0
BRDA:136,18,1,0
BRDA:142,19,0,0
BRDA:142,19,1,0
BRDA:155,20,0,0
BRDA:155,20,1,0
BRDA:165,21,0,0
BRDA:165,21,1,0
BRDA:167,22,0,0
BRDA:167,22,1,0
BRDA:170,23,0,0
BRDA:170,23,1,0
BRDA:186,24,0,0
BRDA:186,24,1,0
BRDA:223,25,0,0
BRDA:223,25,1,0
BRDA:226,26,0,0
BRDA:226,26,1,0
BRDA:230,27,0,0
BRDA:230,27,1,0
BRDA:261,28,0,0
BRDA:261,28,1,0
BRDA:267,29,0,0
BRDA:267,29,1,0
BRDA:267,30,0,0
BRDA:267,30,1,0
BRDA:267,30,2,0
BRDA:268,31,0,0
BRDA:268,31,1,0
BRDA:320,32,0,0
BRDA:320,32,1,0
BRDA:320,32,2,0
BRDA:326,33,0,0
BRDA:326,33,1,0
BRDA:326,34,0,0
BRDA:326,34,1,0
BRDA:371,35,0,0
BRDA:371,35,1,0
BRDA:379,36,0,0
BRDA:379,36,1,0
BRDA:381,37,0,0
BRDA:381,37,1,0
BRDA:383,38,0,0
BRDA:383,38,1,0
BRDA:389,39,0,0
BRDA:389,39,1,0
BRDA:394,40,0,0
BRDA:394,40,1,0
BRF:84
BRH:0
end_of_record
TN:
SF:src\screens\SettingsScreen.js
FN:19,(anonymous_0)
FN:25,(anonymous_1)
FN:31,(anonymous_2)
FN:37,(anonymous_3)
FN:68,(anonymous_4)
FN:76,(anonymous_5)
FN:98,(anonymous_6)
FN:106,(anonymous_7)
FN:128,(anonymous_8)
FN:136,(anonymous_9)
FN:158,(anonymous_10)
FN:166,(anonymous_11)
FN:187,(anonymous_12)
FN:202,(anonymous_13)
FN:223,(anonymous_14)
FN:238,(anonymous_15)
FN:259,(anonymous_16)
FN:273,(anonymous_17)
FN:299,(anonymous_18)
FN:308,(anonymous_19)
FNF:20
FNH:0
FNDA:0,(anonymous_0)
FNDA:0,(anonymous_1)
FNDA:0,(anonymous_2)
FNDA:0,(anonymous_3)
FNDA:0,(anonymous_4)
FNDA:0,(anonymous_5)
FNDA:0,(anonymous_6)
FNDA:0,(anonymous_7)
FNDA:0,(anonymous_8)
FNDA:0,(anonymous_9)
FNDA:0,(anonymous_10)
FNDA:0,(anonymous_11)
FNDA:0,(anonymous_12)
FNDA:0,(anonymous_13)
FNDA:0,(anonymous_14)
FNDA:0,(anonymous_15)
FNDA:0,(anonymous_16)
FNDA:0,(anonymous_17)
FNDA:0,(anonymous_18)
FNDA:0,(anonymous_19)
DA:19,0
DA:20,0
DA:21,0
DA:22,0
DA:23,0
DA:25,0
DA:26,0
DA:27,0
DA:31,0
DA:32,0
DA:33,0
DA:34,0
DA:37,0
DA:38,0
DA:39,0
DA:40,0
DA:41,0
DA:43,0
DA:47,0
DA:69,0
DA:70,0
DA:71,0
DA:72,0
DA:73,0
DA:77,0
DA:78,0
DA:99,0
DA:100,0
DA:101,0
DA:102,0
DA:103,0
DA:107,0
DA:108,0
DA:129,0
DA:130,0
DA:131,0
DA:132,0
DA:133,0
DA:137,0
DA:138,0
DA:159,0
DA:160,0
DA:161,0
DA:162,0
DA:163,0
DA:167,0
DA:168,0
DA:187,0
DA:202,0
DA:223,0
DA:238,0
DA:259,0
DA:273,0
DA:299,0
DA:308,0
DA:319,0
LF:56
LH:0
BRDA:22,0,0,0
BRDA:22,0,1,0
BRDA:26,1,0,0
BRDA:26,1,1,0
BRDA:39,2,0,0
BRDA:39,2,1,0
BRDA:67,3,0,0
BRDA:67,3,1,0
BRDA:70,4,0,0
BRDA:70,4,1,0
BRDA:70,5,0,0
BRDA:70,5,1,0
BRDA:70,5,2,0
BRDA:72,6,0,0
BRDA:72,6,1,0
BRDA:77,7,0,0
BRDA:77,7,1,0
BRDA:77,8,0,0
BRDA:77,8,1,0
BRDA:77,8,2,0
BRDA:97,9,0,0
BRDA:97,9,1,0
BRDA:100,10,0,0
BRDA:100,10,1,0
BRDA:100,11,0,0
BRDA:100,11,1,0
BRDA:100,11,2,0
BRDA:102,12,0,0
BRDA:102,12,1,0
BRDA:107,13,0,0
BRDA:107,13,1,0
BRDA:107,14,0,0
BRDA:107,14,1,0
BRDA:107,14,2,0
BRDA:127,15,0,0
BRDA:127,15,1,0
BRDA:130,16,0,0
BRDA:130,16,1,0
BRDA:130,17,0,0
BRDA:130,17,1,0
BRDA:130,17,2,0
BRDA:132,18,0,0
BRDA:132,18,1,0
BRDA:137,19,0,0
BRDA:137,19,1,0
BRDA:137,20,0,0
BRDA:137,20,1,0
BRDA:137,20,2,0
BRDA:157,21,0,0
BRDA:157,21,1,0
BRDA:160,22,0,0
BRDA:160,22,1,0
BRDA:160,23,0,0
BRDA:160,23,1,0
BRDA:160,23,2,0
BRDA:162,24,0,0
BRDA:162,24,1,0
BRDA:167,25,0,0
BRDA:167,25,1,0
BRDA:167,26,0,0
BRDA:167,26,1,0
BRDA:167,26,2,0
BRDA:186,27,0,0
BRDA:186,27,1,0
BRDA:201,28,0,0
BRDA:201,28,1,0
BRF:66
BRH:0
end_of_record
TN:
SF:src\screens\TaskInputScreen.js
FN:15,(anonymous_0)
FN:30,(anonymous_1)
FN:31,(anonymous_2)
FN:35,(anonymous_3)
FN:38,(anonymous_4)
FN:55,(anonymous_5)
FN:61,(anonymous_6)
FN:66,(anonymous_7)
FN:92,(anonymous_8)
FN:96,(anonymous_9)
FN:97,(anonymous_10)
FNF:11
FNH:11
FNDA:28,(anonymous_0)
FNDA:22,(anonymous_1)
FNDA:4,(anonymous_2)
FNDA:22,(anonymous_3)
FNDA:4,(anonymous_4)
FNDA:2,(anonymous_5)
FNDA:1,(anonymous_6)
FNDA:1,(anonymous_7)
FNDA:5,(anonymous_8)
FNDA:1,(anonymous_9)
FNDA:5,(anonymous_10)
DA:15,1
DA:16,28
DA:23,28
DA:25,28
DA:26,28
DA:27,28
DA:28,28
DA:30,28
DA:31,22
DA:32,4
DA:35,22
DA:38,28
DA:39,4
DA:40,4
DA:41,4
DA:42,3
DA:43,3
DA:45,0
DA:46,0
DA:49,1
DA:50,1
DA:51,1
DA:55,28
DA:56,2
DA:57,2
DA:58,2
DA:61,28
DA:62,1
DA:63,1
DA:66,28
DA:67,1
DA:70,28
DA:93,5
DA:96,1
DA:98,5
DA:151,1
LF:36
LH:34
BRDA:25,0,0,28
BRDA:25,0,1,1
BRDA:26,1,0,28
BRDA:26,1,1,1
BRDA:40,2,0,4
BRDA:40,2,1,0
BRDA:89,3,0,28
BRDA:89,3,1,2
BRDA:101,4,0,5
BRDA:101,4,1,3
BRF:10
BRH:9
end_of_record
TN:
SF:src\screens\TimerScreen.js
FN:9,(anonymous_0)
FN:26,(anonymous_1)
FN:30,(anonymous_2)
FN:44,(anonymous_3)
FN:59,(anonymous_4)
FN:76,(anonymous_5)
FN:82,(anonymous_6)
FN:168,(anonymous_7)
FNF:8
FNH:8
FNDA:19,(anonymous_0)
FNDA:18,(anonymous_1)
FNDA:4,(anonymous_2)
FNDA:2,(anonymous_3)
FNDA:2,(anonymous_4)
FNDA:18,(anonymous_5)
FNDA:18,(anonymous_6)
FNDA:1,(anonymous_7)
DA:9,1
DA:10,19
DA:11,18
DA:24,18
DA:26,18
DA:27,18
DA:30,18
DA:31,4
DA:32,2
DA:33,1
DA:35,1
DA:37,2
DA:38,1
DA:39,1
DA:40,1
DA:44,18
DA:45,2
DA:59,18
DA:60,2
DA:61,2
DA:76,18
DA:77,18
DA:78,4
DA:79,1
DA:82,18
DA:83,18
DA:84,4
DA:85,1
DA:88,18
DA:168,1
DA:175,1
LF:31
LH:31
BRDA:31,0,0,2
BRDA:31,0,1,2
BRDA:31,1,0,4
BRDA:31,1,1,2
BRDA:32,2,0,1
BRDA:32,2,1,1
BRDA:37,3,0,1
BRDA:37,3,1,1
BRDA:39,4,0,1
BRDA:39,4,1,0
BRDA:60,5,0,2
BRDA:60,5,1,0
BRDA:77,6,0,14
BRDA:77,6,1,4
BRDA:77,7,0,18
BRDA:77,7,1,6
BRDA:78,8,0,3
BRDA:78,8,1,1
BRDA:83,9,0,14
BRDA:83,9,1,4
BRDA:83,10,0,18
BRDA:83,10,1,6
BRDA:84,11,0,3
BRDA:84,11,1,1
BRDA:99,12,0,18
BRDA:99,12,1,3
BRDA:99,12,2,1
BRDA:151,13,0,18
BRDA:151,13,1,12
BRF:29
BRH:27
end_of_record
TN:
SF:src\utils\storage.js
FN:12,(anonymous_0)
FN:20,(anonymous_1)
FN:30,(anonymous_2)
FN:41,(anonymous_3)
FN:49,(anonymous_4)
FN:59,(anonymous_5)
FN:70,(anonymous_6)
FN:82,(anonymous_7)
FN:92,(anonymous_8)
FN:95,(anonymous_9)
FN:105,(anonymous_10)
FN:118,(anonymous_11)
FN:121,(anonymous_12)
FN:143,(anonymous_13)
FN:153,(anonymous_14)
FN:159,(anonymous_15)
FN:164,(anonymous_16)
FN:178,(anonymous_17)
FN:188,(anonymous_18)
FN:198,(anonymous_19)
FN:202,(anonymous_20)
FN:212,(anonymous_21)
FNF:22
FNH:22
FNDA:2,(anonymous_0)
FNDA:4,(anonymous_1)
FNDA:1,(anonymous_2)
FNDA:5,(anonymous_3)
FNDA:11,(anonymous_4)
FNDA:2,(anonymous_5)
FNDA:1,(anonymous_6)
FNDA:4,(anonymous_7)
FNDA:1,(anonymous_8)
FNDA:3,(anonymous_9)
FNDA:1,(anonymous_10)
FNDA:2,(anonymous_11)
FNDA:1,(anonymous_12)
FNDA:5,(anonymous_13)
FNDA:2,(anonymous_14)
FNDA:22,(anonymous_15)
FNDA:20,(anonymous_16)
FNDA:7,(anonymous_17)
FNDA:1,(anonymous_18)
FNDA:1,(anonymous_19)
FNDA:2,(anonymous_20)
FNDA:1,(anonymous_21)
DA:4,4
DA:11,4
DA:13,2
DA:14,2
DA:16,0
DA:21,4
DA:22,4
DA:23,4
DA:25,0
DA:26,0
DA:31,1
DA:32,1
DA:34,0
DA:40,4
DA:42,5
DA:43,5
DA:45,1
DA:50,11
DA:51,11
DA:52,11
DA:54,0
DA:55,0
DA:60,2
DA:61,2
DA:63,0
DA:69,4
DA:71,1
DA:72,1
DA:73,1
DA:74,1
DA:75,1
DA:77,0
DA:78,0
DA:83,4
DA:84,4
DA:85,4
DA:87,0
DA:88,0
DA:93,1
DA:94,1
DA:95,1
DA:96,3
DA:97,3
DA:100,0
DA:101,0
DA:106,1
DA:107,1
DA:108,1
DA:110,0
DA:111,0
DA:117,4
DA:119,2
DA:120,2
DA:121,2
DA:123,2
DA:124,1
DA:125,1
DA:127,1
DA:135,2
DA:136,2
DA:138,0
DA:139,0
DA:144,5
DA:145,5
DA:146,5
DA:148,0
DA:149,0
DA:154,2
DA:155,2
DA:156,2
DA:157,2
DA:159,2
DA:160,22
DA:164,2
DA:165,20
DA:166,20
DA:168,20
DA:169,20
DA:170,20
DA:171,20
DA:174,0
DA:175,0
DA:178,7
DA:180,0
DA:181,0
DA:187,4
DA:189,1
DA:190,1
DA:191,1
DA:193,0
DA:194,0
DA:199,1
DA:203,2
DA:204,2
DA:205,2
DA:207,0
DA:208,0
DA:213,1
LF:98
LH:71
BRDA:23,0,0,2
BRDA:23,0,1,2
BRDA:52,1,0,8
BRDA:52,1,1,3
BRDA:85,2,0,4
BRDA:85,2,1,1
BRDA:97,3,0,3
BRDA:97,3,1,2
BRDA:123,4,0,1
BRDA:123,4,1,1
BRDA:146,5,0,5
BRDA:146,5,1,1
BRDA:153,6,0,1
BRDA:168,7,0,0
BRDA:168,7,1,20
BRDA:168,8,0,20
BRDA:168,8,1,20
BRDA:169,9,0,0
BRDA:169,9,1,20
BRDA:169,10,0,20
BRDA:169,10,1,0
BRDA:170,11,0,20
BRDA:170,11,1,0
BRDA:170,12,0,20
BRDA:170,12,1,20
BRDA:174,13,0,0
BRDA:174,13,1,0
BRDA:205,14,0,2
BRDA:205,14,1,1
BRF:29
BRH:23
end_of_record
